Reading parm file (4QFCpatched_protein_FAD_ligand.prmtop)
title:
default_name
	mm_options:  ntpr=1
	mm_options:  gb=1
	mm_options:  kappa=0.10395
	mm_options:  rgbmax=99.
	mm_options:  cut=99.
	mm_options:  diel=C
      iter    Total       bad      vdW     elect   nonpolar   genBorn      frms
ff:     0 146543458.79   4920.87 146553251.05 -10213.44      0.00  -4499.69  3.07e+07
Starting TNCG minimisation
 MIN: Iter =    0  NFunc =     1  E = 146543458.78971  RMSG = 3.0732385e+07
 MIN: Iter =    1  NFunc =     5  E = 61787420.01967  RMSG = 1.1704156e+07
 MIN: Iter =    2  NFunc =     9  E = 27110468.58878  RMSG = 4.4527598e+06
 MIN: Iter =    3  NFunc =    13  E = 12893603.10634  RMSG = 1.6947818e+06
 MIN: Iter =    4  NFunc =    18  E = 4806696.63635  RMSG = 5.5506361e+05
 MIN: Iter =    5  NFunc =    23  E =  791134.23180  RMSG = 7.9261117e+04
 MIN: Iter =    6  NFunc =    29  E =  300214.10066  RMSG = 2.7305656e+04
 MIN: Iter =    7  NFunc =    32  E =   92369.20351  RMSG = 6.1735699e+03
 MIN: Iter =    8  NFunc =    36  E =   45035.12484  RMSG = 2.1702242e+03
 MIN: Iter =    9  NFunc =    43  E =   13775.05654  RMSG = 8.0174422e+02
 MIN: Iter =   10  NFunc =    49  E =    2264.30246  RMSG = 2.7831529e+02
 MIN: Iter =   11  NFunc =    53  E =   -4758.14450  RMSG = 7.7129783e+01
 MIN: Iter =   12  NFunc =    63  E =   -8606.70432  RMSG = 2.1156093e+01
 MIN: Iter =   13  NFunc =    71  E =  -10277.57333  RMSG = 8.2089573e+00
 MIN: Iter =   14  NFunc =    83  E =  -10927.15404  RMSG = 6.9029621e+00
 MIN: Iter =   15  NFunc =    89  E =  -11569.39637  RMSG = 3.0585560e+00
 MIN: Iter =   16  NFunc =   110  E =  -11736.84088  RMSG = 2.9704273e+00
 MIN: Iter =   17  NFunc =   120  E =  -12152.12887  RMSG = 2.6772978e+00
 MIN: Iter =   18  NFunc =   165  E =  -12199.09760  RMSG = 3.5225707e+00
 MIN: Iter =   19  NFunc =   172  E =  -12412.40804  RMSG = 1.3686310e+00
 MIN: Iter =   20  NFunc =   223  E =  -12481.87440  RMSG = 1.5367616e+00
 MIN: Iter =   21  NFunc =   230  E =  -12550.05646  RMSG = 1.0789415e+00
 MIN: Iter =   22  NFunc =   266  E =  -12561.47413  RMSG = 1.1131702e+00
 MIN: Iter =   23  NFunc =   288  E =  -12656.14851  RMSG = 3.1536796e+00
 MIN: Iter =   24  NFunc =   294  E =  -12724.51497  RMSG = 7.4121910e-01
 MIN: Iter =   25  NFunc =   304  E =  -12765.15272  RMSG = 1.5713436e+00
 MIN: Iter =   26  NFunc =   310  E =  -12785.57095  RMSG = 4.8858256e-01
 MIN: Iter =   27  NFunc =   343  E =  -12797.47176  RMSG = 5.8353715e-01
 MIN: Iter =   28  NFunc =   395  E =  -12811.70685  RMSG = 6.5181565e-01
 MIN: Iter =   29  NFunc =   402  E =  -12820.79852  RMSG = 6.0012462e-01
 MIN: Iter =   30  NFunc =   447  E =  -12832.04764  RMSG = 9.4530812e-01
 MIN: Iter =   31  NFunc =   469  E =  -12857.62338  RMSG = 1.3159740e+00
 MIN: Iter =   32  NFunc =   475  E =  -12868.62896  RMSG = 2.7647890e-01
 MIN: Iter =   33  NFunc =   527  E =  -12879.64742  RMSG = 3.4898334e-01
 MIN: Iter =   34  NFunc =   537  E =  -12886.60623  RMSG = 3.2501294e-01
 MIN: Iter =   35  NFunc =   545  E =  -12891.45932  RMSG = 2.8197543e-01
 MIN: Iter =   36  NFunc =   596  E =  -12904.11534  RMSG = 6.0132437e-01
 MIN: Iter =   37  NFunc =   602  E =  -12911.24180  RMSG = 3.5591965e-01
 MIN: Iter =   38  NFunc =   653  E =  -12921.43570  RMSG = 3.9231973e-01
 MIN: Iter =   39  NFunc =   679  E =  -12931.03746  RMSG = 3.8605635e-01
 MIN: Iter =   40  NFunc =   691  E =  -12941.57109  RMSG = 3.3575466e-01
 MIN: Iter =   41  NFunc =   701  E =  -12947.04436  RMSG = 2.1885500e-01
 MIN: Iter =   42  NFunc =   753  E =  -12950.71583  RMSG = 2.5941413e-01
 MIN: Iter =   43  NFunc =   760  E =  -12953.84060  RMSG = 3.0925563e-01
 MIN: Iter =   44  NFunc =   766  E =  -12956.18074  RMSG = 2.3869491e-01
 MIN: Iter =   45  NFunc =   785  E =  -12959.98224  RMSG = 4.5739416e-01
 MIN: Iter =   46  NFunc =   791  E =  -12961.61620  RMSG = 1.2690163e-01
 MIN: Iter =   47  NFunc =   842  E =  -12965.60098  RMSG = 3.5134085e-01
 MIN: Iter =   48  NFunc =   848  E =  -12968.50483  RMSG = 1.6400360e-01
 MIN: Iter =   49  NFunc =   856  E =  -12970.34890  RMSG = 2.4705663e-01
 MIN: Iter =   50  NFunc =   881  E =  -12973.88011  RMSG = 2.5365998e-01
 MIN: Iter =   51  NFunc =   933  E =  -12976.95765  RMSG = 2.9261361e-01
 MIN: Iter =   52  NFunc =   960  E =  -12980.05145  RMSG = 2.6090418e-01
 MIN: Iter =   53  NFunc =  1012  E =  -12982.94337  RMSG = 3.0230780e-01
 MIN: Iter =   54  NFunc =  1018  E =  -12984.86148  RMSG = 1.3375799e-01
 MIN: Iter =   55  NFunc =  1046  E =  -12986.72592  RMSG = 2.2355727e-01
 MIN: Iter =   56  NFunc =  1098  E =  -12989.77009  RMSG = 3.0877377e-01
 MIN: Iter =   57  NFunc =  1123  E =  -12994.10874  RMSG = 6.4300348e-01
 MIN: Iter =   58  NFunc =  1129  E =  -12998.33523  RMSG = 1.4445589e-01
 MIN: Iter =   59  NFunc =  1139  E =  -12999.72400  RMSG = 2.4337075e-01
 MIN: Iter =   60  NFunc =  1191  E =  -13002.25539  RMSG = 2.1253592e-01
 MIN: Iter =   61  NFunc =  1218  E =  -13005.17940  RMSG = 4.4409619e-01
 MIN: Iter =   62  NFunc =  1224  E =  -13006.96320  RMSG = 1.0950263e-01
 MIN: Iter =   63  NFunc =  1276  E =  -13008.80475  RMSG = 1.5496098e-01
 MIN: Iter =   64  NFunc =  1327  E =  -13012.18247  RMSG = 2.4692588e-01
 MIN: Iter =   65  NFunc =  1345  E =  -13015.26294  RMSG = 3.8343236e-01
 MIN: Iter =   66  NFunc =  1351  E =  -13017.05162  RMSG = 1.2424619e-01
 MIN: Iter =   67  NFunc =  1403  E =  -13018.91954  RMSG = 1.6463541e-01
 MIN: Iter =   68  NFunc =  1414  E =  -13020.22135  RMSG = 1.8997450e-01
 MIN: Iter =   69  NFunc =  1421  E =  -13021.58522  RMSG = 1.9064858e-01
 MIN: Iter =   70  NFunc =  1427  E =  -13023.00446  RMSG = 1.7269490e-01
 MIN: Iter =   71  NFunc =  1438  E =  -13023.95477  RMSG = 7.8849005e-02
 MIN: Iter =   72  NFunc =  1489  E =  -13026.20552  RMSG = 3.9998219e-01
 MIN: Iter =   73  NFunc =  1495  E =  -13027.99247  RMSG = 1.0631868e-01
 MIN: Iter =   74  NFunc =  1547  E =  -13028.88240  RMSG = 1.3657799e-01
 MIN: Iter =   75  NFunc =  1554  E =  -13029.55432  RMSG = 1.7273523e-01
 MIN: Iter =   76  NFunc =  1560  E =  -13030.58043  RMSG = 1.3580770e-01
 MIN: Iter =   77  NFunc =  1569  E =  -13031.61906  RMSG = 1.6552134e-01
 MIN: Iter =   78  NFunc =  1580  E =  -13032.53006  RMSG = 8.2863703e-02
 MIN: Iter =   79  NFunc =  1632  E =  -13033.84031  RMSG = 1.5025082e-01
 MIN: Iter =   80  NFunc =  1659  E =  -13035.04114  RMSG = 1.3406916e-01
 MIN: Iter =   81  NFunc =  1672  E =  -13035.85815  RMSG = 7.9464032e-02
 MIN: Iter =   82  NFunc =  1698  E =  -13037.25024  RMSG = 1.8924658e-01
 MIN: Iter =   83  NFunc =  1704  E =  -13037.68108  RMSG = 6.0995983e-02
 MIN: Iter =   84  NFunc =  1740  E =  -13038.35543  RMSG = 5.7431198e-02
 MIN: Iter =   85  NFunc =  1792  E =  -13039.12277  RMSG = 1.2558510e-01
 MIN: Iter =   86  NFunc =  1843  E =  -13039.87724  RMSG = 1.7811145e-01
 MIN: Iter =   87  NFunc =  1849  E =  -13040.12563  RMSG = 4.2727761e-02
----------------------------------------------------------------
 END:          :-)  E =  -13040.12563  RMSG =   0.0427278

 Unfrozen minimized energy =   -13040.126
 Gradient RMS              =        0.043
 Iter                      =           87
 CPU time                  =      803.979

	mm_options:  ntpr=99999
freezing 4555 atoms using expression :45-60,214-225,235-249,305-313,333: for moving atoms
___________________________________________________________________________
                  Low-Mode Simulation
---------------------------------------------------------------------------
     1    E =    -2027.121 ( 0.092)  Rg =    4.294
  2  / 5  E =    -2027.500 ( 0.093)  Rg =    4.201  rmsd=  1.279  p= 1.0000
  2  / 4  E =    -2025.863 ( 0.087)  Rg =    4.305  rmsd=  0.511  p= 0.6575
  3  / 7  E =    -2012.162 ( 0.097)  Rg =    4.521  rmsd=  1.419  p= 0.0068
  3  / 6  E =    -2011.651 ( 0.099)  Rg =    4.118  rmsd=  1.009  p= 0.0058
  8  / 4  E =    -2022.689 ( 0.080)  Rg =    4.340  rmsd=  1.039  p= 0.2283
  8  / 3  E =    -2026.871 ( 0.087)  Rg =    4.301  rmsd=  0.101  p= 0.9200
 10  / 2  E =    -2025.251 ( 0.078)  Rg =    4.314  rmsd=  0.438  p= 0.5363
 10  /20  E =    -2019.449 ( 0.085)  Rg =    4.237  rmsd=  1.117  p= 0.0775
 15  /10  E =    -2019.205 ( 0.082)  Rg =    4.332  rmsd=  0.962  p= 0.0715
 15  / 5  E =    -2009.059 ( 0.090)  Rg =    4.318  rmsd=  0.772  p= 0.0024
---------------------------------------------------------------------------
     2   *E =    -2036.542 ( 0.076)  Rg =    4.158
  6  / 3  E =    -2013.614 ( 0.084)  Rg =    4.100  rmsd=  0.533  p= 0.0005
  6  / 3  E =    -2016.019 ( 0.073)  Rg =    4.330  rmsd=  0.963  p= 0.0011
  7  /11  E =    -2032.683 ( 0.082)  Rg =    4.154  rmsd=  0.610  p= 0.2762
  7  / 2  E =    -2036.627 ( 0.052)  Rg =    4.156  rmsd=  0.132  p= 1.0000
 10  / 5  E =    -1992.112 ( 0.080)  Rg =    4.322  rmsd=  1.830  p= 0.0000
 10  / 7  E =    16291.772 ( 0.094)  Rg =    4.446  rmsd=  5.223  p= 0.0000
 14  / 5  E =    -2024.240 ( 0.086)  Rg =    4.205  rmsd=  0.821  p= 0.0166
 14  / 3  E =    -2029.819 ( 0.068)  Rg =    4.185  rmsd=  0.663  p= 0.1063
 15  / 2  E =    -2036.937 ( 0.090)  Rg =    4.149  rmsd=  0.102  p= 1.0000
 15  / 2  E =    -2036.927 ( 0.053)  Rg =    4.151  rmsd=  0.078  p= 1.0000
---------------------------------------------------------------------------
     3   *E =    -2036.862 ( 0.073)  Rg =    4.148
  9  / 4  E =    -2033.130 ( 0.095)  Rg =    4.206  rmsd=  0.644  p= 0.2883
  9  / 3  E =    -2032.181 ( 0.080)  Rg =    4.147  rmsd=  0.314  p= 0.2101
 12  / 5  E =    -2039.252 ( 0.085)  Rg =    4.237  rmsd=  0.866  p= 1.0000
 12  / 3  E =    -2015.282 ( 0.074)  Rg =    4.148  rmsd=  0.857  p= 0.0008
 13  / 3  E =    -2022.493 ( 0.061)  Rg =    4.179  rmsd=  0.784  p= 0.0083
 13  / 4  E =    -2031.737 ( 0.092)  Rg =    4.202  rmsd=  0.643  p= 0.1812
 14  / 3  E =    -2029.292 ( 0.064)  Rg =    4.174  rmsd=  0.618  p= 0.0802
 14  / 4  E =    -2032.516 ( 0.065)  Rg =    4.171  rmsd=  0.469  p= 0.2349
 15  /15  E =    -2036.982 ( 0.060)  Rg =    4.155  rmsd=  0.065  p= 1.0000
 15  / 8  E =    -2037.271 ( 0.077)  Rg =    4.154  rmsd=  0.127  p= 1.0000
---------------------------------------------------------------------------
     4   *E =    -2047.984 ( 0.081)  Rg =    4.188
  2  / 3  E =    -2050.216 ( 0.051)  Rg =    4.160  rmsd=  0.240  p= 1.0000
  2  /11  E =    -2024.918 ( 0.081)  Rg =    4.043  rmsd=  1.436  p= 0.0005
  7  / 2  E =    -2050.164 ( 0.048)  Rg =    4.158  rmsd=  0.217  p= 1.0000
  7  / 7  E =    -2022.610 ( 0.095)  Rg =    4.362  rmsd=  1.588  p= 0.0002
 10  / 5  E =    -2012.588 ( 0.065)  Rg =    4.276  rmsd=  1.112  p= 0.0000
 10  / 8  E =    -1986.838 ( 0.069)  Rg =    4.983  rmsd=  3.334  p= 0.0000
 13  / 3  E =    -2038.186 ( 0.094)  Rg =    4.238  rmsd=  0.955  p= 0.0382
 13  / 3  E =    -2036.893 ( 0.056)  Rg =    4.087  rmsd=  0.696  p= 0.0248
 15  / 9  E =    -2038.564 ( 0.092)  Rg =    4.145  rmsd=  0.526  p= 0.0433
 15  / 7  E =    -2045.004 ( 0.091)  Rg =    4.197  rmsd=  0.249  p= 0.3704
---------------------------------------------------------------------------
     5   *E =    -2050.271 ( 0.054)  Rg =    4.165
  5  / 3  E =    -2030.699 ( 0.093)  Rg =    4.080  rmsd=  0.987  p= 0.0015
  5  / 4  E =    -2042.600 ( 0.098)  Rg =    4.200  rmsd=  0.513  p= 0.0775
  8  / 3  E =    -2050.059 ( 0.092)  Rg =    4.136  rmsd=  0.583  p= 0.9318
  8  /10  E =    -2040.447 ( 0.076)  Rg =    4.289  rmsd=  1.578  p= 0.0378
 11  / 3  E =    -2046.990 ( 0.086)  Rg =    4.128  rmsd=  0.472  p= 0.3350
 11  / 7  E =    -2048.757 ( 0.057)  Rg =    4.137  rmsd=  0.377  p= 0.6037
 13  / 4  E =    -2041.680 ( 0.047)  Rg =    4.185  rmsd=  0.563  p= 0.0571
 13  /15  E =    -2044.654 ( 0.095)  Rg =    4.265  rmsd=  1.407  p= 0.1537
 15  /15  E =    -2046.980 ( 0.083)  Rg =    4.163  rmsd=  0.437  p= 0.3339
 15  / 4  E =    -2037.646 ( 0.078)  Rg =    4.281  rmsd=  0.787  p= 0.0149
---------------------------------------------------------------------------
     6   *E =    -2039.368 ( 0.091)  Rg =    4.135
  2  / 5  E =    -2012.577 ( 0.094)  Rg =    4.179  rmsd=  1.954  p= 0.0001
  2  /14  E =    -2018.969 ( 0.092)  Rg =    4.091  rmsd=  0.856  p= 0.0011
  3  / 3  E =    -2038.989 ( 0.087)  Rg =    4.150  rmsd=  0.157  p= 0.8813
  3  / 4  E =    -2039.734 ( 0.096)  Rg =    4.143  rmsd=  0.140  p= 1.0000
  5  / 7  E =    -2038.168 ( 0.084)  Rg =    4.125  rmsd=  0.372  p= 0.6703
  5  / 2  E =    -2038.895 ( 0.086)  Rg =    4.151  rmsd=  0.224  p= 0.8543
  7  / 5  E =    -2036.223 ( 0.061)  Rg =    4.166  rmsd=  0.686  p= 0.3505
  7  /20  E =    -2015.546 ( 0.048)  Rg =    4.446  rmsd=  1.905  p= 0.0004
 10  / 4  E =    -2035.521 ( 0.079)  Rg =    4.198  rmsd=  0.690  p= 0.2774
 10  / 4  E =    -2031.912 ( 0.089)  Rg =    4.135  rmsd=  0.540  p= 0.0833
---------------------------------------------------------------------------
     7   *E =    -2053.197 ( 0.091)  Rg =    4.159
  3  / 7  E =    -2046.937 ( 0.076)  Rg =    4.156  rmsd=  0.439  p= 0.1241
  3  / 6  E =    -2049.030 ( 0.072)  Rg =    4.145  rmsd=  0.457  p= 0.2493
  7  / 5  E =    -2031.702 ( 0.088)  Rg =    4.216  rmsd=  1.587  p= 0.0008
  7  / 3  E =    -2055.934 ( 0.069)  Rg =    4.125  rmsd=  0.554  p= 1.0000
  8  / 5  E =    -2034.220 ( 0.066)  Rg =    4.206  rmsd=  1.037  p= 0.0018
  8  / 6  E =    -2032.133 ( 0.084)  Rg =    4.120  rmsd=  0.935  p= 0.0009
 14  / 7  E =    -2041.035 ( 0.099)  Rg =    4.213  rmsd=  0.810  p= 0.0174
 14  / 2  E =    -2044.926 ( 0.096)  Rg =    4.180  rmsd=  0.558  p= 0.0635
 15  / 4  E =    -2044.227 ( 0.096)  Rg =    4.119  rmsd=  0.483  p= 0.0503
 15  / 5  E =    -2052.985 ( 0.089)  Rg =    4.156  rmsd=  0.058  p= 0.9318
---------------------------------------------------------------------------
     8   *E =    -2056.117 ( 0.061)  Rg =    4.124
  2  / 8  E =    -2049.877 ( 0.053)  Rg =    4.129  rmsd=  0.406  p= 0.1249
  2  /20  E =    -2014.007 ( 0.086)  Rg =    4.135  rmsd=  1.388  p= 0.0000
 10  / 3  E =    -2047.762 ( 0.070)  Rg =    4.061  rmsd=  0.865  p= 0.0617
 10  / 2  E =    -2045.437 ( 0.083)  Rg =    4.211  rmsd=  0.602  p= 0.0284
 12  /20  E =    -2052.123 ( 0.063)  Rg =    4.150  rmsd=  0.497  p= 0.2641
 12  /20  E =    -2048.533 ( 0.081)  Rg =    4.156  rmsd=  0.828  p= 0.0798
 14  / 8  E =    -2046.301 ( 0.077)  Rg =    4.178  rmsd=  0.890  p= 0.0379
 14  /10  E =    -2044.697 ( 0.059)  Rg =    4.175  rmsd=  0.902  p= 0.0222
 15  /11  E =    -2040.425 ( 0.085)  Rg =    4.152  rmsd=  0.632  p= 0.0053
 15  / 2  E =    -2056.307 ( 0.044)  Rg =    4.123  rmsd=  0.066  p= 1.0000
---------------------------------------------------------------------------
     9   *E =    -2056.310 ( 0.053)  Rg =    4.126
  2  / 5  E =    -2031.672 ( 0.095)  Rg =    4.128  rmsd=  0.938  p= 0.0003
  2  / 4  E =    -2056.134 ( 0.075)  Rg =    4.121  rmsd=  0.098  p= 0.9428
  4  / 3  E =    -2052.239 ( 0.096)  Rg =    4.128  rmsd=  0.279  p= 0.2574
  4  /17  E =    -2031.415 ( 0.083)  Rg =    4.234  rmsd=  2.112  p= 0.0002
  8  / 4  E =     -225.334 ( 0.078)  Rg =    4.131  rmsd=  1.161  p= 0.0000
  8  / 6  E =    -2048.576 ( 0.046)  Rg =    4.086  rmsd=  0.885  p= 0.0759
 10  / 2  E =    -2056.310 ( 0.047)  Rg =    4.091  rmsd=  0.366  p= 0.9999
 10  / 4  E =    -2049.842 ( 0.074)  Rg =    4.194  rmsd=  0.838  p= 0.1158
 11  / 9  E =    -2007.554 ( 0.066)  Rg =    4.006  rmsd=  1.716  p= 0.0000
 11  /20  E =    -2046.642 ( 0.062)  Rg =    4.056  rmsd=  1.147  p= 0.0398
---------------------------------------------------------------------------
    10   *E =    -2056.143 ( 0.069)  Rg =    4.095
  6  /13  E =    -2045.341 ( 0.096)  Rg =    4.090  rmsd=  0.963  p= 0.0273
  6  / 4  E =    -2039.880 ( 0.080)  Rg =    4.063  rmsd=  0.726  p= 0.0044
  7  / 9  E =    -2039.709 ( 0.094)  Rg =    4.103  rmsd=  0.745  p= 0.0042
  7  /20  E =    -2048.330 ( 0.081)  Rg =    4.103  rmsd=  0.514  p= 0.0740
 10  /10  E =    -2042.887 ( 0.097)  Rg =    4.178  rmsd=  0.717  p= 0.0120
 10  / 2  E =    -2055.580 ( 0.099)  Rg =    4.100  rmsd=  0.085  p= 0.8290
 14  / 7  E =    -2046.614 ( 0.084)  Rg =    4.139  rmsd=  0.756  p= 0.0417
 14  / 3  E =    -2054.288 ( 0.072)  Rg =    4.105  rmsd=  0.316  p= 0.5388
 15  / 2  E =    -2056.216 ( 0.042)  Rg =    4.090  rmsd=  0.082  p= 1.0000
 15  /11  E =    -2052.223 ( 0.051)  Rg =    4.104  rmsd=  0.362  p= 0.2707
__________________________________________________
 Top Ten:
       1  E =    -2056.310 /31  Rg =    4.091
       2  E =    -2050.216 /13  Rg =    4.160
       3  E =    -2046.642 / 1  Rg =    4.056
       4  E =    -2044.654 / 1  Rg =    4.265
       5  E =    -2041.035 / 1  Rg =    4.213
       6  E =    -2040.447 / 1  Rg =    4.289
       7  E =    -2039.734 / 8  Rg =    4.143
       8  E =    -2039.252 /12  Rg =    4.237
       9  E =    -2034.220 / 1  Rg =    4.206
      10  E =    -2031.702 / 1  Rg =    4.216
--------------------------------------------------
 Total Nof confs =    28
________________________
__________________________________________________
 Full list:
       1  E =    -2056.310 /31  Rg =    4.091
       2  E =    -2050.216 /13  Rg =    4.160
       3  E =    -2046.642 / 1  Rg =    4.056
       4  E =    -2044.654 / 1  Rg =    4.265
       5  E =    -2041.035 / 1  Rg =    4.213
       6  E =    -2040.447 / 1  Rg =    4.289
       7  E =    -2039.734 / 8  Rg =    4.143
       8  E =    -2039.252 /12  Rg =    4.237
       9  E =    -2034.220 / 1  Rg =    4.206
      10  E =    -2031.702 / 1  Rg =    4.216
      11  E =    -2031.672 / 2  Rg =    4.128
      12  E =    -2031.415 / 1  Rg =    4.234
      13  E =    -2030.699 / 1  Rg =    4.080
      14  E =    -2029.819 / 4  Rg =    4.185
      15  E =    -2027.500 / 1  Rg =    4.201
      16  E =    -2027.121 / 6  Rg =    4.294
      17  E =    -2024.918 / 1  Rg =    4.043
      18  E =    -2022.689 / 1  Rg =    4.340
      19  E =    -2022.610 / 1  Rg =    4.362
      20  E =    -2019.449 / 1  Rg =    4.237
      21  E =    -2016.019 / 1  Rg =    4.330
      22  E =    -2015.546 / 1  Rg =    4.446
      23  E =    -2015.282 / 1  Rg =    4.148
      24  E =    -2012.588 / 1  Rg =    4.276
      25  E =    -2012.577 / 1  Rg =    4.179
      26  E =    -2012.162 / 1  Rg =    4.521
      27  E =    -2011.651 / 1  Rg =    4.118
      28  E =    -2007.554 / 1  Rg =    4.006
--------------------------------------------------
 Total Nof confs =    28
________________________

 Glob. min. E         =    -2056.310 kcal/mol
 Time in LMOD         =      113.095 CPU sec
 Time in NAB and libs =    36409.443 CPU sec
