Reading parm file (CH65_Fab_X-ray_4lmod.prmtop)
title:
default_name
	mm_options:  ntpr=1
	mm_options:  gb=8
	mm_options:  kappa=0.
	mm_options:  rgbmax=999.
	mm_options:  cut=999.
	mm_options:  diel=C
      iter    Total       bad      vdW     elect   nonpolar   genBorn      frms
ff:     0   -788.47   3326.35   4829.06  -6254.36      0.00  -2689.52  7.38e+02
Starting TNCG minimisation
 MIN: Iter =    0  NFunc =     1  E =    -788.47006  RMSG = 7.3846031e+02
 MIN: Iter =    1  NFunc =     6  E =   -3654.74863  RMSG = 2.8108309e+02
 MIN: Iter =    2  NFunc =    11  E =   -5171.32560  RMSG = 9.7826582e+01
 MIN: Iter =    3  NFunc =    16  E =   -5763.49847  RMSG = 3.4432750e+01
 MIN: Iter =    4  NFunc =    22  E =   -6031.31898  RMSG = 1.8553644e+01
 MIN: Iter =    5  NFunc =    28  E =   -6338.82297  RMSG = 1.0805750e+01
 MIN: Iter =    6  NFunc =    34  E =   -6579.17410  RMSG = 7.1186249e+00
 MIN: Iter =    7  NFunc =    52  E =   -6672.94600  RMSG = 7.0455329e+00
 MIN: Iter =    8  NFunc =    66  E =   -7103.92911  RMSG = 4.4070296e+00
 MIN: Iter =    9  NFunc =    83  E =   -7313.11959  RMSG = 2.1261285e+00
 MIN: Iter =   10  NFunc =   134  E =   -7333.13471  RMSG = 3.4795498e+00
 MIN: Iter =   11  NFunc =   140  E =   -7379.06720  RMSG = 8.6506368e-01
 MIN: Iter =   12  NFunc =   167  E =   -7398.24490  RMSG = 1.5586367e+00
 MIN: Iter =   13  NFunc =   219  E =   -7426.06768  RMSG = 1.6405556e+00
 MIN: Iter =   14  NFunc =   226  E =   -7453.73199  RMSG = 1.6038786e+00
 MIN: Iter =   15  NFunc =   250  E =   -7514.84563  RMSG = 2.5835453e+00
 MIN: Iter =   16  NFunc =   256  E =   -7552.25513  RMSG = 7.8427274e-01
 MIN: Iter =   17  NFunc =   303  E =   -7564.08957  RMSG = 1.0041973e+00
 MIN: Iter =   18  NFunc =   317  E =   -7585.09484  RMSG = 2.1644756e+00
 MIN: Iter =   19  NFunc =   323  E =   -7602.68335  RMSG = 4.2909110e-01
 MIN: Iter =   20  NFunc =   375  E =   -7607.65315  RMSG = 4.6097743e-01
 MIN: Iter =   21  NFunc =   384  E =   -7611.86412  RMSG = 5.1385734e-01
 MIN: Iter =   22  NFunc =   399  E =   -7624.48273  RMSG = 1.2909558e+00
 MIN: Iter =   23  NFunc =   405  E =   -7634.37480  RMSG = 3.5672290e-01
 MIN: Iter =   24  NFunc =   457  E =   -7642.60971  RMSG = 4.1538261e-01
 MIN: Iter =   25  NFunc =   482  E =   -7652.61760  RMSG = 7.5847293e-01
 MIN: Iter =   26  NFunc =   488  E =   -7658.55910  RMSG = 2.9826885e-01
 MIN: Iter =   27  NFunc =   500  E =   -7663.26990  RMSG = 4.2135350e-01
 MIN: Iter =   28  NFunc =   552  E =   -7670.97632  RMSG = 4.1498256e-01
 MIN: Iter =   29  NFunc =   584  E =   -7677.33144  RMSG = 5.9606235e-01
 MIN: Iter =   30  NFunc =   590  E =   -7680.16565  RMSG = 2.0257042e-01
 MIN: Iter =   31  NFunc =   642  E =   -7683.87279  RMSG = 3.5101196e-01
 MIN: Iter =   32  NFunc =   669  E =   -7687.90052  RMSG = 4.4391819e-01
 MIN: Iter =   33  NFunc =   675  E =   -7689.34714  RMSG = 1.3575490e-01
 MIN: Iter =   34  NFunc =   712  E =   -7690.05233  RMSG = 1.9320659e-01
 MIN: Iter =   35  NFunc =   764  E =   -7691.40890  RMSG = 2.0783957e-01
 MIN: Iter =   36  NFunc =   771  E =   -7692.90412  RMSG = 3.1370083e-01
 MIN: Iter =   37  NFunc =   777  E =   -7694.71840  RMSG = 3.8081852e-01
 MIN: Iter =   38  NFunc =   784  E =   -7696.28491  RMSG = 1.5944485e-01
 MIN: Iter =   39  NFunc =   836  E =   -7696.95143  RMSG = 2.2554778e-01
 MIN: Iter =   40  NFunc =   843  E =   -7697.74259  RMSG = 3.1243433e-01
 MIN: Iter =   41  NFunc =   850  E =   -7698.55299  RMSG = 2.1636162e-01
 MIN: Iter =   42  NFunc =   889  E =   -7700.82164  RMSG = 3.2833577e-01
 MIN: Iter =   43  NFunc =   897  E =   -7701.99751  RMSG = 1.7680453e-01
 MIN: Iter =   44  NFunc =   925  E =   -7703.10439  RMSG = 2.8688793e-01
 MIN: Iter =   45  NFunc =   932  E =   -7703.91750  RMSG = 2.4369494e-01
 MIN: Iter =   46  NFunc =   941  E =   -7704.46209  RMSG = 8.9435691e-02
 MIN: Iter =   47  NFunc =   993  E =   -7706.25622  RMSG = 1.1511506e-01
 MIN: Iter =   48  NFunc =  1045  E =   -7707.69258  RMSG = 1.5866768e-01
 MIN: Iter =   49  NFunc =  1071  E =   -7708.87062  RMSG = 4.0087983e-01
 MIN: Iter =   50  NFunc =  1077  E =   -7710.19296  RMSG = 1.0728286e-01
 MIN: Iter =   51  NFunc =  1129  E =   -7711.39890  RMSG = 1.5377169e-01
 MIN: Iter =   52  NFunc =  1181  E =   -7713.07437  RMSG = 2.1747696e-01
 MIN: Iter =   53  NFunc =  1208  E =   -7714.54400  RMSG = 1.4654425e-01
 MIN: Iter =   54  NFunc =  1260  E =   -7715.57916  RMSG = 1.3440156e-01
 MIN: Iter =   55  NFunc =  1285  E =   -7716.69481  RMSG = 2.9260814e-01
 MIN: Iter =   56  NFunc =  1291  E =   -7717.44687  RMSG = 9.4958561e-02
 MIN: Iter =   57  NFunc =  1343  E =   -7718.35080  RMSG = 1.2794480e-01
 MIN: Iter =   58  NFunc =  1353  E =   -7719.00970  RMSG = 1.0978011e-01
 MIN: Iter =   59  NFunc =  1373  E =   -7719.86876  RMSG = 1.7074410e-01
 MIN: Iter =   60  NFunc =  1416  E =   -7720.73348  RMSG = 1.9291518e-01
 MIN: Iter =   61  NFunc =  1468  E =   -7721.72834  RMSG = 2.2350006e-01
 MIN: Iter =   62  NFunc =  1483  E =   -7722.97858  RMSG = 1.1833163e-01
 MIN: Iter =   63  NFunc =  1535  E =   -7724.45558  RMSG = 1.8489224e-01
 MIN: Iter =   64  NFunc =  1541  E =   -7725.06929  RMSG = 1.2221674e-01
 MIN: Iter =   65  NFunc =  1567  E =   -7726.23226  RMSG = 1.2055309e-01
 MIN: Iter =   66  NFunc =  1618  E =   -7727.61839  RMSG = 2.5188725e-01
 MIN: Iter =   67  NFunc =  1624  E =   -7728.16704  RMSG = 7.0898608e-02
 MIN: Iter =   68  NFunc =  1675  E =   -7728.96402  RMSG = 1.4859048e-01
 MIN: Iter =   69  NFunc =  1681  E =   -7729.15356  RMSG = 5.4216808e-02
 MIN: Iter =   70  NFunc =  1733  E =   -7729.59381  RMSG = 5.6721827e-02
 MIN: Iter =   71  NFunc =  1785  E =   -7730.21442  RMSG = 1.2466382e-01
 MIN: Iter =   72  NFunc =  1799  E =   -7730.51348  RMSG = 5.5327095e-02
 MIN: Iter =   73  NFunc =  1839  E =   -7730.80085  RMSG = 1.8426614e-01
 MIN: Iter =   74  NFunc =  1845  E =   -7731.00359  RMSG = 3.6917905e-02
----------------------------------------------------------------
 END:          :-)  E =   -7731.00359  RMSG =   0.0369179

 Unfrozen minimized energy =    -7731.004
 Gradient RMS              =        0.037
 Iter                      =           74
 CPU time                  =      333.573

	mm_options:  ntpr=99999
freezing 3163 atoms using expression J:96-117: for moving atoms
___________________________________________________________________________
                  Low-Mode Simulation
---------------------------------------------------------------------------
     1    E =     -938.958 ( 0.063)  Rg =    3.482
  1  /50  E =     -922.968 ( 0.063)  Rg =    3.447  rmsd=  1.412  p= 0.5275
  1  /50  E =     -938.966 ( 0.047)  Rg =    3.484  rmsd=  0.288  p= 1.0000
  2  /50  E =     -856.288 ( 0.088)  Rg =    3.355  rmsd=  5.476  p= 0.0366
  2  /50  E =     -913.924 ( 0.078)  Rg =    3.492  rmsd=  2.300  p= 0.3674
  3  /50  E =     -892.760 ( 0.071)  Rg =    3.548  rmsd=  3.982  p= 0.1576
  3  /50  E =     -908.598 ( 0.092)  Rg =    3.665  rmsd=  1.960  p= 0.2969
 12  /50  E =     -896.281 ( 0.072)  Rg =    3.543  rmsd=  2.030  p= 0.1814
 12  /50  E =     -940.171 ( 0.089)  Rg =    3.503  rmsd=  0.520  p= 1.0000
 16  /50  E =     -926.945 ( 0.091)  Rg =    3.591  rmsd=  1.042  p= 0.6185
 16  /50  E =     -936.233 ( 0.096)  Rg =    3.484  rmsd=  0.618  p= 0.8967
---------------------------------------------------------------------------
     2    E =     -913.924 ( 0.078)  Rg =    3.492
  6  /50  E =     -905.304 ( 0.075)  Rg =    3.349  rmsd=  1.827  p= 0.7084
  6  /50  E =     -889.035 ( 0.099)  Rg =    3.574  rmsd=  3.229  p= 0.3695
  7  /50  E =     -922.952 ( 0.076)  Rg =    3.525  rmsd=  1.727  p= 1.0000
  7  /50  E =     -910.243 ( 0.092)  Rg =    3.533  rmsd=  1.941  p= 0.8631
 15  /50  E =     -890.853 ( 0.085)  Rg =    3.430  rmsd=  3.170  p= 0.3974
 15  /50  E =     -933.593 ( 0.095)  Rg =    3.531  rmsd=  1.773  p= 1.0000
 17  /50  E =     -913.793 ( 0.071)  Rg =    3.494  rmsd=  0.544  p= 0.9948
 17  /50  E =     -884.483 ( 0.079)  Rg =    3.237  rmsd=  3.329  p= 0.3080
 20  /50  E =     -889.172 ( 0.092)  Rg =    3.811  rmsd=  2.169  p= 0.3715
 20  /50  E =     -893.114 ( 0.070)  Rg =    3.328  rmsd=  2.357  p= 0.4350
---------------------------------------------------------------------------
     3    E =     -905.304 ( 0.075)  Rg =    3.349
  4  /50  E =     -881.668 ( 0.094)  Rg =    3.364  rmsd=  2.269  p= 0.3885
  4  /50  E =     -920.053 ( 0.083)  Rg =    3.654  rmsd=  2.709  p= 1.0000
 15  /50  E =     -903.535 ( 0.095)  Rg =    3.487  rmsd=  1.333  p= 0.9317
 15  /50  E =     -888.761 ( 0.078)  Rg =    3.586  rmsd=  5.376  p= 0.5160
 16  /50  E =     -904.483 ( 0.087)  Rg =    3.339  rmsd=  1.481  p= 0.9677
 16  /50  E =     -914.903 ( 0.073)  Rg =    3.148  rmsd=  3.217  p= 1.0000
 18  /50  E =     -877.814 ( 0.091)  Rg =    3.290  rmsd=  3.423  p= 0.3330
 18  /50  E =     -898.900 ( 0.098)  Rg =    3.408  rmsd=  1.411  p= 0.7740
 19  /50  E =     -909.908 ( 0.094)  Rg =    3.333  rmsd=  1.690  p= 1.0000
 19  /50  E =     -904.755 ( 0.071)  Rg =    3.354  rmsd=  1.114  p= 0.9783
---------------------------------------------------------------------------
     4    E =     -909.908 ( 0.094)  Rg =    3.333
  2  /50  E =     -896.796 ( 0.068)  Rg =    3.581  rmsd=  2.552  p= 0.5919
  2  /50  E =     -836.190 ( 0.095)  Rg =    3.626  rmsd=  5.039  p= 0.0524
  8  /50  E =     -894.834 ( 0.084)  Rg =    3.652  rmsd=  2.201  p= 0.5472
  8  /50  E =     -899.245 ( 0.076)  Rg =    3.544  rmsd=  1.442  p= 0.6528
 12  /50  E =     -913.102 ( 0.089)  Rg =    3.326  rmsd=  0.962  p= 1.0000
 12  /50  E =     -874.861 ( 0.096)  Rg =    3.872  rmsd=  4.610  p= 0.2461
 19  /50  E =     -916.156 ( 0.084)  Rg =    3.303  rmsd=  1.836  p= 1.0000
 19  /50  E =     -905.778 ( 0.067)  Rg =    3.297  rmsd=  1.150  p= 0.8477
 20  /50  E =     -909.288 ( 0.099)  Rg =    3.290  rmsd=  1.223  p= 0.9755
 20  /50  E =     -858.912 ( 0.094)  Rg =    3.589  rmsd=  3.418  p= 0.1300
---------------------------------------------------------------------------
     5    E =     -909.288 ( 0.099)  Rg =    3.290
  5  /50  E =     -883.313 ( 0.086)  Rg =    3.797  rmsd=  2.974  p= 0.3538
  5  /50  E =     -867.595 ( 0.093)  Rg =    3.042  rmsd=  5.624  p= 0.1887
 11  /50  E =     -865.466 ( 0.089)  Rg =    3.596  rmsd=  5.398  p= 0.1733
 11  /50  E =     -876.008 ( 0.082)  Rg =    3.457  rmsd=  2.874  p= 0.2642
 13  /50  E =     -870.285 ( 0.073)  Rg =    3.650  rmsd=  3.750  p= 0.2101
 13  /50  E =     -900.620 ( 0.080)  Rg =    3.443  rmsd=  2.337  p= 0.7070
 15  /50  E =     -901.134 ( 0.089)  Rg =    3.491  rmsd=  1.985  p= 0.7217
 15  /50  E =     -907.283 ( 0.089)  Rg =    3.453  rmsd=  2.830  p= 0.9229
 17  /50  E =     -895.551 ( 0.095)  Rg =    3.067  rmsd=  2.122  p= 0.5772
 17  /50  E =     -869.533 ( 0.069)  Rg =    3.565  rmsd=  3.958  p= 0.2039
---------------------------------------------------------------------------
     6    E =     -895.551 ( 0.095)  Rg =    3.067
  3  /50  E =     -882.237 ( 0.064)  Rg =    3.012  rmsd=  5.675  p= 0.5871
  3  /50  E =     -902.748 ( 0.091)  Rg =    3.461  rmsd=  2.791  p= 1.0000
  5  /50  E =     -873.697 ( 0.099)  Rg =    3.372  rmsd=  5.287  p= 0.4172
  5  /50  E =     -880.599 ( 0.069)  Rg =    3.256  rmsd=  3.179  p= 0.5499
  9  /50  E =     -874.890 ( 0.067)  Rg =    2.862  rmsd=  3.189  p= 0.4376
  9  /50  E =     -897.588 ( 0.081)  Rg =    3.414  rmsd=  2.740  p= 1.0000
 11  /50  E =     -891.873 ( 0.081)  Rg =    3.128  rmsd=  1.816  p= 0.8632
 11  /50  E =     -869.387 ( 0.076)  Rg =    3.960  rmsd=  4.257  p= 0.3511
 12  /50  E =     -869.863 ( 0.083)  Rg =    3.664  rmsd=  3.837  p= 0.3579
 12  /50  E =     -910.939 ( 0.067)  Rg =    3.141  rmsd=  2.320  p= 1.0000
---------------------------------------------------------------------------
     7    E =     -891.873 ( 0.081)  Rg =    3.128
  1  /50  E =     -891.789 ( 0.069)  Rg =    3.420  rmsd=  2.619  p= 0.9967
  1  /50  E =     -894.250 ( 0.064)  Rg =    3.130  rmsd=  1.602  p= 1.0000
  8  /50  E =     -893.051 ( 0.091)  Rg =    3.158  rmsd=  3.806  p= 1.0000
  8  /50  E =     -855.458 ( 0.091)  Rg =    3.925  rmsd=  4.859  p= 0.2330
 11  /50  E =     -885.545 ( 0.096)  Rg =    3.056  rmsd=  2.335  p= 0.7764
 11  /50  E =     -851.543 ( 0.096)  Rg =    3.380  rmsd=  2.277  p= 0.1992
 12  /50  E =     -894.983 ( 0.088)  Rg =    3.510  rmsd=  3.658  p= 1.0000
 12  /50  E =     -876.709 ( 0.052)  Rg =    3.223  rmsd=  2.504  p= 0.5452
 13  /50  E =     -883.161 ( 0.089)  Rg =    3.744  rmsd=  4.338  p= 0.7057
 13  /50  E =     -905.183 ( 0.091)  Rg =    3.229  rmsd=  3.170  p= 1.0000
---------------------------------------------------------------------------
     8    E =     -883.161 ( 0.089)  Rg =    3.744
  8  /50  E =     -879.350 ( 0.074)  Rg =    3.905  rmsd=  3.959  p= 0.8586
  8  /50  E =     -867.706 ( 0.088)  Rg =    3.181  rmsd=  3.073  p= 0.5389
 14  /50  E =     -888.756 ( 0.068)  Rg =    3.701  rmsd=  1.329  p= 1.0000
 14  /50  E =     -901.730 ( 0.057)  Rg =    3.580  rmsd=  1.833  p= 1.0000
 18  /50  E =     -888.506 ( 0.089)  Rg =    3.707  rmsd=  1.283  p= 1.0000
 18  /50  E =     -879.187 ( 0.074)  Rg =    3.376  rmsd=  3.001  p= 0.8530
 19  /50  E =     -877.377 ( 0.056)  Rg =    3.805  rmsd=  2.473  p= 0.7935
 19  /50  E =     -879.313 ( 0.098)  Rg =    3.360  rmsd=  3.962  p= 0.8574
 20  /50  E =     -867.636 ( 0.082)  Rg =    2.895  rmsd=  4.853  p= 0.5374
 20  /50  E =     -884.915 ( 0.087)  Rg =    3.793  rmsd=  3.137  p= 1.0000
---------------------------------------------------------------------------
     9    E =     -879.187 ( 0.074)  Rg =    3.376
  4  /50  E =     -866.929 ( 0.098)  Rg =    3.258  rmsd=  4.461  p= 0.6124
  4  /50  E =     -887.350 ( 0.040)  Rg =    3.278  rmsd=  2.985  p= 1.0000
 12  /50  E =     -890.301 ( 0.067)  Rg =    3.349  rmsd=  1.743  p= 1.0000
 12  /50  E =     -884.920 ( 0.084)  Rg =    3.039  rmsd=  4.162  p= 1.0000
 14  /50  E =     -880.935 ( 0.092)  Rg =    3.656  rmsd=  3.041  p= 1.0000
 14  /50  E =     -903.474 ( 0.093)  Rg =    3.170  rmsd=  3.461  p= 1.0000
 16  /50  E =     -879.825 ( 0.079)  Rg =    3.345  rmsd=  1.437  p= 1.0000
 16  /50  E =     -877.979 ( 0.064)  Rg =    3.412  rmsd=  0.710  p= 0.9529
 20  /50  E =     -889.664 ( 0.076)  Rg =    2.944  rmsd=  4.422  p= 1.0000
 20  /50  E =     -881.585 ( 0.079)  Rg =    3.369  rmsd=  2.718  p= 1.0000
---------------------------------------------------------------------------
    10    E =     -890.301 ( 0.067)  Rg =    3.349
  8  /50  E =     -841.613 ( 0.044)  Rg =    2.984  rmsd=  4.294  p= 0.1426
  8  /50  E =     -866.466 ( 0.091)  Rg =    3.814  rmsd=  4.422  p= 0.3854
  9  /50  E =     -875.841 ( 0.090)  Rg =    3.820  rmsd=  3.459  p= 0.5608
  9  /50  E =     -898.661 ( 0.099)  Rg =    2.785  rmsd=  3.171  p= 1.0000
 14  /50  E =     -881.532 ( 0.060)  Rg =    3.044  rmsd=  2.351  p= 0.7041
 14  /50  E =     -885.971 ( 0.066)  Rg =    3.428  rmsd=  4.765  p= 0.8410
 18  /50  E =     -885.358 ( 0.077)  Rg =    3.408  rmsd=  1.063  p= 0.8206
 18  /50  E =     -898.806 ( 0.095)  Rg =    3.051  rmsd=  2.767  p= 1.0000
 20  /50  E =     -891.513 ( 0.094)  Rg =    3.271  rmsd=  2.674  p= 1.0000
 20  /50  E =     -894.764 ( 0.092)  Rg =    3.201  rmsd=  2.854  p= 1.0000
__________________________________________________
 Top Ten:
       1  E =     -940.171 / 6  Rg =    3.503
       2  E =     -933.593 / 7  Rg =    3.531
       3  E =     -920.053 / 2  Rg =    3.654
       4  E =     -916.156 / 1  Rg =    3.303
       5  E =     -914.903 / 1  Rg =    3.148
       6  E =     -913.924 / 3  Rg =    3.492
       7  E =     -910.939 / 1  Rg =    3.141
       8  E =     -909.288 / 2  Rg =    3.290
       9  E =     -908.598 / 1  Rg =    3.665
      10  E =     -907.283 / 1  Rg =    3.453
--------------------------------------------------
 Total Nof confs =    33
________________________
---------------------------------------------------------------------------
    11    E =     -898.661 ( 0.099)  Rg =    2.785
  1  /50  E =     -863.601 ( 0.081)  Rg =    3.111  rmsd=  3.868  p= 0.2460
  1  /50  E =     -884.963 ( 0.070)  Rg =    3.358  rmsd=  4.408  p= 0.5781
  4  /50  E =     -885.464 ( 0.079)  Rg =    2.726  rmsd=  2.692  p= 0.5899
  4  /50  E =     -888.685 ( 0.091)  Rg =    2.955  rmsd=  2.690  p= 0.6710
  5  /50  E =     -894.962 ( 0.076)  Rg =    3.036  rmsd=  3.750  p= 0.8624
  5  /50  E =     -907.937 ( 0.049)  Rg =    3.163  rmsd=  4.388  p= 1.0000
 11  /50  E =     -908.735 ( 0.086)  Rg =    3.198  rmsd=  3.233  p= 1.0000
 11  /50  E =     -889.156 ( 0.092)  Rg =    2.758  rmsd=  2.327  p= 0.6837
 15  /50  E =     -891.019 ( 0.089)  Rg =    3.408  rmsd=  3.002  p= 0.7366
 15  /50  E =     -863.476 ( 0.100)  Rg =    3.040  rmsd=  5.167  p= 0.2448
---------------------------------------------------------------------------
    12    E =     -888.685 ( 0.091)  Rg =    2.955
  1  /50  E =     -899.797 ( 0.100)  Rg =    2.908  rmsd=  2.435  p= 1.0000
  1  /50  E =     -887.467 ( 0.091)  Rg =    3.322  rmsd=  3.833  p= 0.9525
  4  /50  E =     -882.228 ( 0.070)  Rg =    3.339  rmsd=  3.880  p= 0.7724
  4  /50  E =     -845.742 ( 0.076)  Rg =    3.502  rmsd=  4.268  p= 0.1795
 17  /50  E =     -878.475 ( 0.073)  Rg =    2.982  rmsd=  2.901  p= 0.6647
 17  /50  E =     -900.319 ( 0.076)  Rg =    2.877  rmsd=  2.292  p= 1.0000
 19  /50  E =     -902.176 ( 0.091)  Rg =    3.045  rmsd=  2.115  p= 1.0000
 19  /50  E =     -876.201 ( 0.066)  Rg =    3.254  rmsd=  3.742  p= 0.6069
 20  /50  E =     -885.427 ( 0.067)  Rg =    3.575  rmsd=  4.143  p= 0.8778
 20  /50  E =     -889.958 ( 0.076)  Rg =    2.859  rmsd=  3.392  p= 1.0000
---------------------------------------------------------------------------
    13    E =     -889.958 ( 0.076)  Rg =    2.859
  7  /50  E =     -891.596 ( 0.077)  Rg =    3.080  rmsd=  2.486  p= 1.0000
  7  /50  E =     -878.711 ( 0.094)  Rg =    3.304  rmsd=  3.920  p= 0.6377
 14  /50  E =     -898.728 ( 0.055)  Rg =    2.805  rmsd=  1.856  p= 1.0000
 14  /50  E =     -866.924 ( 0.057)  Rg =    3.975  rmsd=  3.896  p= 0.3980
 16  /50  E =     -901.393 ( 0.056)  Rg =    2.853  rmsd=  3.946  p= 1.0000
 16  /50  E =     -886.088 ( 0.097)  Rg =    3.580  rmsd=  4.458  p= 0.8566
 17  /50  E =     -872.958 ( 0.096)  Rg =    3.318  rmsd=  2.961  p= 0.5066
 17  /50  E =     -897.632 ( 0.096)  Rg =    3.021  rmsd=  3.517  p= 1.0000
 20  /50  E =     4787.626 ( 0.094)  Rg =    3.428  rmsd=  4.382  p= 0.0000
 20  /50  E =     -898.048 ( 0.082)  Rg =    3.314  rmsd=  4.214  p= 1.0000
---------------------------------------------------------------------------
    14    E =     -901.393 ( 0.056)  Rg =    2.853
  1  /50  E =     -895.033 ( 0.074)  Rg =    2.955  rmsd=  1.946  p= 0.7754
  1  /50  E =     -895.433 ( 0.071)  Rg =    3.099  rmsd=  2.883  p= 0.7879
  3  /50  E =     -901.848 ( 0.085)  Rg =    2.891  rmsd=  3.503  p= 1.0000
  3  /50  E =     -880.973 ( 0.078)  Rg =    3.192  rmsd=  4.204  p= 0.4418
  7  /50  E =     -889.402 ( 0.080)  Rg =    3.111  rmsd=  1.663  p= 0.6190
  7  /50  E =     -896.895 ( 0.074)  Rg =    2.850  rmsd=  3.529  p= 0.8353
  9  /50  E =     -868.902 ( 0.085)  Rg =    3.013  rmsd=  3.649  p= 0.2726
  9  /50  E =     -882.456 ( 0.087)  Rg =    2.942  rmsd=  2.367  p= 0.4689
 14  /50  E =     -898.773 ( 0.092)  Rg =    2.857  rmsd=  1.721  p= 0.9005
 14  /50  E =     -894.180 ( 0.098)  Rg =    2.955  rmsd=  2.472  p= 0.7494
---------------------------------------------------------------------------
    15    E =     -882.456 ( 0.087)  Rg =    2.942
  6  /50  E =     -834.893 ( 0.083)  Rg =    3.274  rmsd=  4.419  p= 0.1492
  6  /50  E =     -859.444 ( 0.091)  Rg =    2.866  rmsd=  4.316  p= 0.3983
  9  /50  E =     -893.168 ( 0.066)  Rg =    3.081  rmsd=  2.684  p= 1.0000
  9  /50  E =     -902.930 ( 0.071)  Rg =    3.093  rmsd=  4.174  p= 1.0000
 10  /50  E =     -896.680 ( 0.091)  Rg =    2.953  rmsd=  1.787  p= 1.0000
 10  /50  E =     -897.101 ( 0.069)  Rg =    2.834  rmsd=  1.867  p= 1.0000
 19  /50  E =     -888.645 ( 0.069)  Rg =    2.832  rmsd=  2.950  p= 1.0000
 19  /50  E =     -900.800 ( 0.083)  Rg =    2.977  rmsd=  2.092  p= 1.0000
 20  /50  E =     -895.867 ( 0.086)  Rg =    2.950  rmsd=  1.650  p= 1.0000
 20  /50  E =     -892.911 ( 0.071)  Rg =    3.053  rmsd=  2.533  p= 1.0000
---------------------------------------------------------------------------
    16    E =     -902.930 ( 0.071)  Rg =    3.093
  1  /50  E =     -903.482 ( 0.099)  Rg =    3.681  rmsd=  3.793  p= 1.0000
  1  /50  E =     -821.058 ( 0.064)  Rg =    3.152  rmsd=  5.902  p= 0.0378
 10  /50  E =     -866.313 ( 0.091)  Rg =    3.113  rmsd=  3.220  p= 0.2312
 10  /50  E =     -861.724 ( 0.075)  Rg =    3.343  rmsd=  4.478  p= 0.1924
 16  /50  E =     -851.670 ( 0.078)  Rg =    3.287  rmsd=  3.523  p= 0.1287
 16  /50  E =     -888.097 ( 0.081)  Rg =    3.133  rmsd=  1.167  p= 0.5525
 17  /50  E =     -874.712 ( 0.081)  Rg =    3.569  rmsd=  3.447  p= 0.3234
 17  /50  E =     -898.882 ( 0.044)  Rg =    3.020  rmsd=  3.194  p= 0.8505
 20  /50  E =     -913.095 ( 0.096)  Rg =    3.226  rmsd=  1.613  p= 1.0000
 20  /50  E =     -913.205 ( 0.066)  Rg =    3.087  rmsd=  0.928  p= 1.0000
---------------------------------------------------------------------------
    17    E =     -898.882 ( 0.044)  Rg =    3.020
  1  /50  E =     -903.750 ( 0.077)  Rg =    3.833  rmsd=  4.740  p= 1.0000
  1  /50  E =     -849.043 ( 0.097)  Rg =    3.227  rmsd=  4.869  p= 0.1362
  6  /50  E =     -877.166 ( 0.069)  Rg =    3.582  rmsd=  3.039  p= 0.4195
  6  /50  E =     -840.239 ( 0.083)  Rg =    2.878  rmsd=  3.584  p= 0.0958
  7  /50  E =     -895.834 ( 0.080)  Rg =    3.281  rmsd=  3.117  p= 0.8852
  7  /50  E =     -837.467 ( 0.095)  Rg =    4.170  rmsd=  5.582  p= 0.0857
  9  /50  E =     -878.034 ( 0.096)  Rg =    3.208  rmsd=  2.312  p= 0.4344
  9  /50  E =     -836.574 ( 0.069)  Rg =    3.099  rmsd=  5.358  p= 0.0827
 10  /50  E =     -885.633 ( 0.097)  Rg =    3.655  rmsd=  2.683  p= 0.5886
 10  /50  E =     -911.557 ( 0.045)  Rg =    2.999  rmsd=  1.758  p= 1.0000
---------------------------------------------------------------------------
    18    E =     -895.834 ( 0.080)  Rg =    3.281
  1  /50  E =     -888.158 ( 0.097)  Rg =    3.391  rmsd=  1.626  p= 0.7356
  1  /50  E =     -899.501 ( 0.077)  Rg =    3.788  rmsd=  5.925  p= 1.0000
  5  /50  E =     -876.368 ( 0.089)  Rg =    3.454  rmsd=  3.949  p= 0.4590
  5  /50  E =     -878.086 ( 0.065)  Rg =    3.101  rmsd=  4.866  p= 0.4917
 10  /50  E =     2000.241 ( 0.085)  Rg =    3.797  rmsd=  2.597  p= 0.0000
 10  /50  E =     -878.098 ( 0.089)  Rg =    3.724  rmsd=  2.686  p= 0.4919
 18  /50  E =     -900.950 ( 0.061)  Rg =    3.300  rmsd=  1.041  p= 1.0000
 18  /50  E =     -900.423 ( 0.081)  Rg =    3.604  rmsd=  4.047  p= 1.0000
 20  /50  E =     -886.066 ( 0.096)  Rg =    3.555  rmsd=  3.583  p= 0.6765
 20  /50  E =     -900.760 ( 0.074)  Rg =    3.505  rmsd=  1.724  p= 1.0000
---------------------------------------------------------------------------
    19    E =     -899.501 ( 0.077)  Rg =    3.788
  5  /50  E =     -878.003 ( 0.049)  Rg =    3.528  rmsd=  3.292  p= 0.4232
  5  /50  E =     -894.410 ( 0.060)  Rg =    3.430  rmsd=  4.349  p= 0.8158
  7  /50  E =    20199.207 ( 0.089)  Rg =    2.871  rmsd=  9.401  p= 0.0000
  7  /50  E =     -899.253 ( 0.096)  Rg =    3.981  rmsd=  2.205  p= 0.9901
 10  /50  E =     -894.215 ( 0.092)  Rg =    3.514  rmsd=  1.951  p= 0.8094
 10  /50  E =     -888.460 ( 0.078)  Rg =    3.602  rmsd=  1.981  p= 0.6430
 12  /50  E =     -905.379 ( 0.093)  Rg =    3.523  rmsd=  2.516  p= 1.0000
 12  /50  E =     -901.170 ( 0.089)  Rg =    3.650  rmsd=  2.087  p= 1.0000
 17  /50  E =     -892.432 ( 0.092)  Rg =    3.987  rmsd=  1.063  p= 0.7537
 17  /50  E =     -904.331 ( 0.090)  Rg =    3.411  rmsd=  2.475  p= 1.0000
---------------------------------------------------------------------------
    20    E =     -904.331 ( 0.090)  Rg =    3.411
  4  /50  E =     -907.323 ( 0.062)  Rg =    3.255  rmsd=  1.664  p= 1.0000
  4  /50  E =     -893.197 ( 0.088)  Rg =    3.681  rmsd=  2.597  p= 0.6406
 10  /50  E =     -913.741 ( 0.081)  Rg =    3.464  rmsd=  1.864  p= 1.0000
 10  /50  E =     -886.191 ( 0.081)  Rg =    3.740  rmsd=  2.304  p= 0.4840
 11  /50  E =     -892.565 ( 0.077)  Rg =    3.344  rmsd=  1.533  p= 0.6246
 11  /50  E =     -873.498 ( 0.098)  Rg =    3.014  rmsd=  2.812  p= 0.2913
 13  /50  E =     -890.071 ( 0.066)  Rg =    3.516  rmsd=  1.959  p= 0.5653
 13  /50  E =     -907.458 ( 0.088)  Rg =    3.367  rmsd=  0.576  p= 1.0000
 19  /50  E =     -859.599 ( 0.093)  Rg =    3.297  rmsd=  2.615  p= 0.1671
 19  /50  E =     -903.830 ( 0.075)  Rg =    3.516  rmsd=  0.925  p= 0.9802
__________________________________________________
 Top Ten:
       1  E =     -940.171 / 6  Rg =    3.503
       2  E =     -933.593 / 7  Rg =    3.531
       3  E =     -920.053 / 2  Rg =    3.654
       4  E =     -916.156 / 1  Rg =    3.303
       5  E =     -914.903 / 1  Rg =    3.148
       6  E =     -913.924 / 3  Rg =    3.492
       7  E =     -913.741 / 1  Rg =    3.464
       8  E =     -913.205 / 2  Rg =    3.087
       9  E =     -913.095 / 1  Rg =    3.226
      10  E =     -911.557 / 2  Rg =    2.999
--------------------------------------------------
 Total Nof confs =    71
________________________
---------------------------------------------------------------------------
    21    E =     -907.323 ( 0.062)  Rg =    3.255
  6  /50  E =     -891.577 ( 0.077)  Rg =    3.842  rmsd=  4.440  p= 0.5327
  6  /50  E =     -887.840 ( 0.097)  Rg =    3.451  rmsd=  3.598  p= 0.4587
 17  /50  E =     -890.127 ( 0.094)  Rg =    3.381  rmsd=  1.946  p= 0.5027
 17  /50  E =     -902.431 ( 0.099)  Rg =    3.531  rmsd=  1.871  p= 0.8223
 18  /50  E =     -898.326 ( 0.077)  Rg =    3.378  rmsd=  2.271  p= 0.6978
 18  /50  E =     -883.037 ( 0.073)  Rg =    3.459  rmsd=  3.470  p= 0.3785
 19  /50  E =     -905.960 ( 0.064)  Rg =    3.268  rmsd=  0.972  p= 0.9470
 19  /50  E =     7487.190 ( 0.089)  Rg =    3.036  rmsd=  6.795  p= 0.0000
 20  /50  E =     -906.817 ( 0.084)  Rg =    3.293  rmsd=  0.614  p= 0.9800
 20  /50  E =     -883.442 ( 0.076)  Rg =    3.274  rmsd=  1.211  p= 0.3847
---------------------------------------------------------------------------
    22    E =     -902.431 ( 0.099)  Rg =    3.531
  5  /50  E =     -900.155 ( 0.051)  Rg =    3.591  rmsd=  1.694  p= 0.9130
  5  /50  E =     -891.339 ( 0.080)  Rg =    3.362  rmsd=  6.203  p= 0.6417
  9  /50  E =     -881.683 ( 0.089)  Rg =    3.297  rmsd=  2.993  p= 0.4361
  9  /50  E =     -889.279 ( 0.085)  Rg =    3.587  rmsd=  3.441  p= 0.5909
 12  /50  E =     -900.044 ( 0.091)  Rg =    3.600  rmsd=  1.448  p= 0.9089
 12  /50  E =     -893.250 ( 0.085)  Rg =    3.392  rmsd=  2.015  p= 0.6926
 13  /50  E =     -902.764 ( 0.094)  Rg =    3.512  rmsd=  3.424  p= 1.0000
 13  /50  E =     -902.133 ( 0.068)  Rg =    3.562  rmsd=  1.359  p= 0.9881
 17  /50  E =     -899.383 ( 0.081)  Rg =    3.381  rmsd=  1.195  p= 0.8852
 17  /50  E =     -906.013 ( 0.062)  Rg =    3.534  rmsd=  0.622  p= 1.0000
---------------------------------------------------------------------------
    23    E =     -881.683 ( 0.089)  Rg =    3.297
  1  /50  E =     -878.256 ( 0.098)  Rg =    3.402  rmsd=  1.638  p= 0.8719
  1  /50  E =     -893.053 ( 0.084)  Rg =    3.284  rmsd=  1.109  p= 1.0000
  6  /50  E =     -891.405 ( 0.091)  Rg =    3.796  rmsd=  4.891  p= 1.0000
  6  /50  E =     -842.979 ( 0.095)  Rg =    3.945  rmsd=  3.759  p= 0.2126
 11  /50  E =     -907.085 ( 0.077)  Rg =    3.427  rmsd=  3.740  p= 1.0000
 11  /50  E =     -853.721 ( 0.061)  Rg =    3.651  rmsd=  5.160  p= 0.3268
 16  /50  E =     -865.196 ( 0.076)  Rg =    3.137  rmsd=  4.117  p= 0.5171
 16  /50  E =     -893.463 ( 0.099)  Rg =    3.241  rmsd=  2.136  p= 1.0000
 20  /50  E =     -886.504 ( 0.059)  Rg =    3.258  rmsd=  0.990  p= 1.0000
 20  /50  E =     -865.575 ( 0.070)  Rg =    3.191  rmsd=  1.742  p= 0.5250
---------------------------------------------------------------------------
    24    E =     -842.979 ( 0.095)  Rg =    3.945
  3  /50  E =     -832.771 ( 0.096)  Rg =    3.808  rmsd=  2.381  p= 0.6648
  3  /50  E =     -846.596 ( 0.076)  Rg =    3.717  rmsd=  2.199  p= 1.0000
  4  /50  E =     -842.339 ( 0.098)  Rg =    4.440  rmsd=  2.538  p= 0.9747
  4  /50  E =     -845.418 ( 0.088)  Rg =    3.566  rmsd=  3.282  p= 1.0000
  6  /50  E =     -862.737 ( 0.067)  Rg =    3.752  rmsd=  4.936  p= 1.0000
  6  /50  E =     -872.181 ( 0.086)  Rg =    3.869  rmsd=  4.533  p= 1.0000
  8  /50  E =     -849.415 ( 0.080)  Rg =    4.075  rmsd=  4.603  p= 1.0000
  8  /50  E =     -833.501 ( 0.100)  Rg =    3.493  rmsd=  3.201  p= 0.6845
 10  /50  E =     -839.453 ( 0.097)  Rg =    4.185  rmsd=  3.901  p= 0.8685
 10  /50  E =     -878.872 ( 0.093)  Rg =    3.073  rmsd=  4.810  p= 1.0000
---------------------------------------------------------------------------
    25    E =     -872.181 ( 0.086)  Rg =    3.869
  8  /50  E =     -887.451 ( 0.056)  Rg =    3.334  rmsd=  2.672  p= 1.0000
  8  /50  E =     -881.594 ( 0.066)  Rg =    3.914  rmsd=  3.789  p= 1.0000
 10  /50  E =     -860.819 ( 0.074)  Rg =    3.966  rmsd=  2.247  p= 0.6348
 10  /50  E =     -862.930 ( 0.096)  Rg =    3.120  rmsd=  3.728  p= 0.6907
 12  /50  E =     -886.803 ( 0.098)  Rg =    3.461  rmsd=  2.418  p= 1.0000
 12  /50  E =     -875.435 ( 0.074)  Rg =    4.103  rmsd=  2.017  p= 1.0000
 16  /50  E =     -885.448 ( 0.075)  Rg =    3.703  rmsd=  2.303  p= 1.0000
 16  /50  E =     -884.187 ( 0.062)  Rg =    3.414  rmsd=  3.687  p= 1.0000
 17  /50  E =     -869.747 ( 0.083)  Rg =    3.762  rmsd=  1.929  p= 0.9072
 17  /50  E =     -879.490 ( 0.062)  Rg =    3.576  rmsd=  2.916  p= 1.0000
---------------------------------------------------------------------------
    26    E =     -879.490 ( 0.062)  Rg =    3.576
  2  /50  E =     -891.798 ( 0.078)  Rg =    3.284  rmsd=  3.827  p= 1.0000
  2  /50  E =     -902.602 ( 0.081)  Rg =    3.525  rmsd=  4.569  p= 1.0000
  3  /50  E =     -841.487 ( 0.089)  Rg =    3.745  rmsd=  4.542  p= 0.2187
  3  /50  E =     -881.752 ( 0.096)  Rg =    3.917  rmsd=  2.512  p= 1.0000
  9  /50  E =     -875.062 ( 0.097)  Rg =    3.343  rmsd=  2.496  p= 0.8377
  9  /50  E =     -893.685 ( 0.074)  Rg =    3.452  rmsd=  3.026  p= 1.0000
 15  /50  E =     -888.308 ( 0.100)  Rg =    3.348  rmsd=  1.722  p= 1.0000
 15  /50  E =     -880.226 ( 0.087)  Rg =    3.555  rmsd=  1.755  p= 1.0000
 20  /50  E =     -869.944 ( 0.092)  Rg =    3.373  rmsd=  2.320  p= 0.6826
 20  /50  E =     -887.238 ( 0.067)  Rg =    3.381  rmsd=  4.022  p= 1.0000
---------------------------------------------------------------------------
    27    E =     -887.238 ( 0.067)  Rg =    3.381
  2  /50  E =     -860.794 ( 0.096)  Rg =    3.577  rmsd=  4.448  p= 0.3472
  2  /50  E =     -885.098 ( 0.094)  Rg =    3.490  rmsd=  3.741  p= 0.9180
 10  /50  E =     -873.293 ( 0.097)  Rg =    3.401  rmsd=  3.496  p= 0.5725
 10  /50  E =     -880.747 ( 0.070)  Rg =    3.056  rmsd=  2.948  p= 0.7713
 13  /50  E =     -889.882 ( 0.097)  Rg =    3.178  rmsd=  3.711  p= 1.0000
 13  /50  E =     -876.799 ( 0.052)  Rg =    3.659  rmsd=  4.293  p= 0.6587
 14  /50  E =     -885.775 ( 0.088)  Rg =    3.058  rmsd=  2.785  p= 0.9432
 14  /50  E =     -859.430 ( 0.069)  Rg =    3.134  rmsd=  3.086  p= 0.3288
 20  /50  E =     -877.395 ( 0.093)  Rg =    3.165  rmsd=  1.526  p= 0.6746
 20  /50  E =     -898.283 ( 0.082)  Rg =    3.179  rmsd=  1.132  p= 1.0000
---------------------------------------------------------------------------
    28    E =     -877.395 ( 0.093)  Rg =    3.165
  2  /50  E =      355.301 ( 0.072)  Rg =    3.019  rmsd=  2.376  p= 0.0000
  2  /50  E =     -896.557 ( 0.098)  Rg =    2.948  rmsd=  1.474  p= 1.0000
  5  /50  E =     -831.783 ( 0.087)  Rg =    3.949  rmsd=  5.889  p= 0.1613
  5  /50  E =     -863.059 ( 0.073)  Rg =    3.627  rmsd=  3.563  p= 0.5636
  7  /50  E =     -890.950 ( 0.092)  Rg =    3.108  rmsd=  2.466  p= 1.0000
  7  /50  E =     -856.003 ( 0.090)  Rg =    3.117  rmsd=  3.317  p= 0.4250
 11  /50  E =     -883.933 ( 0.082)  Rg =    2.953  rmsd=  2.279  p= 1.0000
 11  /50  E =     -882.038 ( 0.098)  Rg =    4.054  rmsd=  5.316  p= 1.0000
 12  /50  E =     -891.309 ( 0.064)  Rg =    3.149  rmsd=  4.609  p= 1.0000
 12  /50  E =     -885.994 ( 0.066)  Rg =    3.365  rmsd=  3.646  p= 1.0000
---------------------------------------------------------------------------
    29    E =     -882.038 ( 0.098)  Rg =    4.054
  3  /50  E =     -899.888 ( 0.092)  Rg =    4.102  rmsd=  1.111  p= 1.0000
  3  /50  E =     -825.732 ( 0.079)  Rg =    4.026  rmsd=  6.050  p= 0.1052
 15  /50  E =     -886.175 ( 0.093)  Rg =    3.611  rmsd=  3.126  p= 1.0000
 15  /50  E =     -889.942 ( 0.059)  Rg =    3.658  rmsd=  3.119  p= 1.0000
 18  /50  E =     -880.939 ( 0.049)  Rg =    3.915  rmsd=  2.733  p= 0.9570
 18  /50  E =     -885.670 ( 0.098)  Rg =    3.457  rmsd=  2.960  p= 1.0000
 19  /50  E =     -888.830 ( 0.077)  Rg =    3.708  rmsd=  3.367  p= 1.0000
 19  /50  E =     -874.150 ( 0.091)  Rg =    3.777  rmsd=  3.157  p= 0.7294
 20  /50  E =     -896.909 ( 0.072)  Rg =    3.665  rmsd=  2.648  p= 1.0000
 20  /50  E =     -876.408 ( 0.092)  Rg =    3.879  rmsd=  3.206  p= 0.7984
---------------------------------------------------------------------------
    30    E =     -885.670 ( 0.098)  Rg =    3.457
  1  /50  E =     -863.685 ( 0.100)  Rg =    3.442  rmsd=  4.247  p= 0.4150
  1  /50  E =     -887.353 ( 0.071)  Rg =    3.464  rmsd=  4.470  p= 1.0000
  4  /50  E =     -853.590 ( 0.088)  Rg =    3.630  rmsd=  5.002  p= 0.2771
  4  /50  E =     -864.827 ( 0.083)  Rg =    3.818  rmsd=  2.906  p= 0.4344
  5  /50  E =     -869.893 ( 0.070)  Rg =    3.427  rmsd=  5.859  p= 0.5320
  5  /50  E =     -866.119 ( 0.074)  Rg =    3.583  rmsd=  3.349  p= 0.4575
  7  /50  E =     -865.753 ( 0.082)  Rg =    3.868  rmsd=  3.877  p= 0.4508
  7  /50  E =     -880.166 ( 0.064)  Rg =    3.443  rmsd=  2.582  p= 0.8024
 12  /50  E =     -888.639 ( 0.087)  Rg =    3.613  rmsd=  1.319  p= 1.0000
 12  /50  E =     -896.402 ( 0.091)  Rg =    3.516  rmsd=  1.822  p= 1.0000
__________________________________________________
 Top Ten:
       1  E =     -940.171 / 6  Rg =    3.503
       2  E =     -933.593 / 7  Rg =    3.531
       3  E =     -920.053 / 2  Rg =    3.654
       4  E =     -916.156 / 1  Rg =    3.303
       5  E =     -914.903 / 1  Rg =    3.148
       6  E =     -913.924 / 3  Rg =    3.492
       7  E =     -913.741 / 1  Rg =    3.464
       8  E =     -913.205 / 2  Rg =    3.087
       9  E =     -913.095 / 1  Rg =    3.226
      10  E =     -911.557 / 2  Rg =    2.999
--------------------------------------------------
 Total Nof confs =    92
________________________
---------------------------------------------------------------------------
    31    E =     -896.402 ( 0.091)  Rg =    3.516
  3  /50  E =     -868.631 ( 0.095)  Rg =    3.551  rmsd=  4.171  p= 0.3293
  3  /50  E =     -866.232 ( 0.095)  Rg =    3.778  rmsd=  3.918  p= 0.2992
  6  /50  E =     -851.861 ( 0.092)  Rg =    3.997  rmsd=  4.223  p= 0.1684
  6  /50  E =     -886.157 ( 0.099)  Rg =    3.543  rmsd=  3.034  p= 0.6638
  7  /50  E =     -855.636 ( 0.095)  Rg =    3.715  rmsd=  2.764  p= 0.1958
  7  /50  E =     -887.708 ( 0.093)  Rg =    3.385  rmsd=  3.020  p= 0.7063
 19  /50  E =     -884.203 ( 0.057)  Rg =    3.438  rmsd=  1.805  p= 0.6139
 19  /50  E =     -890.060 ( 0.089)  Rg =    3.795  rmsd=  2.775  p= 0.7759
 20  /50  E =     -847.209 ( 0.081)  Rg =    3.524  rmsd=  3.634  p= 0.1398
 20  /50  E =     -896.495 ( 0.094)  Rg =    3.384  rmsd=  1.578  p= 1.0000
---------------------------------------------------------------------------
    32    E =     -886.157 ( 0.099)  Rg =    3.543
  1  /50  E =     -891.365 ( 0.096)  Rg =    3.604  rmsd=  1.648  p= 1.0000
  1  /50  E =     -892.590 ( 0.088)  Rg =    3.389  rmsd=  2.376  p= 1.0000
  3  /50  E =     -851.542 ( 0.086)  Rg =    3.681  rmsd=  4.835  p= 0.2504
  3  /50  E =     -886.451 ( 0.094)  Rg =    3.783  rmsd=  1.822  p= 1.0000
  4  /50  E =      691.255 ( 0.070)  Rg =    3.570  rmsd=  4.114  p= 0.0000
  4  /50  E =     -893.514 ( 0.099)  Rg =    3.576  rmsd=  2.233  p= 1.0000
  5  /50  E =     -883.131 ( 0.058)  Rg =    3.692  rmsd=  2.101  p= 0.8860
  5  /50  E =     -885.782 ( 0.096)  Rg =    3.510  rmsd=  3.055  p= 0.9851
  9  /50  E =     -882.142 ( 0.090)  Rg =    3.757  rmsd=  2.242  p= 0.8516
  9  /50  E =     -884.253 ( 0.096)  Rg =    3.581  rmsd=  3.360  p= 0.9267
---------------------------------------------------------------------------
    33    E =     -885.782 ( 0.096)  Rg =    3.510
  1  /50  E =     -896.635 ( 0.084)  Rg =    3.612  rmsd=  2.921  p= 1.0000
  1  /50  E =     -864.395 ( 0.080)  Rg =    3.456  rmsd=  3.793  p= 0.4251
  3  /50  E =     -891.600 ( 0.095)  Rg =    3.768  rmsd=  3.555  p= 1.0000
  3  /50  E =     -865.813 ( 0.087)  Rg =    3.731  rmsd=  4.782  p= 0.4499
  7  /50  E =     -898.991 ( 0.069)  Rg =    3.536  rmsd=  2.085  p= 1.0000
  7  /50  E =     -887.834 ( 0.093)  Rg =    3.791  rmsd=  4.089  p= 1.0000
  8  /50  E =     -897.130 ( 0.093)  Rg =    3.300  rmsd=  3.551  p= 1.0000
  8  /50  E =     -890.004 ( 0.065)  Rg =    3.605  rmsd=  1.938  p= 1.0000
 10  /50  E =     -872.863 ( 0.088)  Rg =    3.310  rmsd=  2.581  p= 0.5965
 10  /50  E =     -895.207 ( 0.052)  Rg =    3.810  rmsd=  2.835  p= 1.0000
---------------------------------------------------------------------------
    34    E =     -898.991 ( 0.069)  Rg =    3.536
  7  /50  E =     -885.354 ( 0.098)  Rg =    3.556  rmsd=  2.501  p= 0.5796
  7  /50  E =     -889.805 ( 0.100)  Rg =    3.479  rmsd=  2.518  p= 0.6925
  8  /50  E =     -870.776 ( 0.089)  Rg =    3.930  rmsd=  2.858  p= 0.3235
  8  /50  E =     -902.731 ( 0.086)  Rg =    3.353  rmsd=  1.714  p= 1.0000
 18  /50  E =     -881.935 ( 0.071)  Rg =    3.824  rmsd=  2.286  p= 0.5055
 18  /50  E =     -899.210 ( 0.087)  Rg =    3.484  rmsd=  1.773  p= 1.0000
 19  /50  E =     -885.199 ( 0.100)  Rg =    3.337  rmsd=  2.647  p= 0.5760
 19  /50  E =     -888.263 ( 0.075)  Rg =    3.787  rmsd=  3.513  p= 0.6511
 20  /50  E =     -902.317 ( 0.079)  Rg =    3.525  rmsd=  0.455  p= 1.0000
 20  /50  E =     -898.703 ( 0.072)  Rg =    3.543  rmsd=  0.668  p= 0.9885
---------------------------------------------------------------------------
    35    E =     -902.731 ( 0.086)  Rg =    3.353
  5  /50  E =     -897.231 ( 0.090)  Rg =    3.253  rmsd=  1.278  p= 0.8025
  5  /50  E =     -878.908 ( 0.079)  Rg =    3.755  rmsd=  4.748  p= 0.3856
  6  /50  E =     -880.727 ( 0.079)  Rg =    3.757  rmsd=  2.387  p= 0.4147
  6  /50  E =     -855.575 ( 0.093)  Rg =    3.255  rmsd=  6.213  p= 0.1516
  7  /50  E =     -882.326 ( 0.089)  Rg =    3.578  rmsd=  4.902  p= 0.4421
  7  /50  E =     -904.586 ( 0.072)  Rg =    3.233  rmsd=  2.774  p= 1.0000
 12  /50  E =     -887.750 ( 0.093)  Rg =    3.378  rmsd=  1.533  p= 0.5492
 12  /50  E =     -886.764 ( 0.041)  Rg =    3.322  rmsd=  1.383  p= 0.5280
 15  /50  E =     -888.608 ( 0.095)  Rg =    3.603  rmsd=  2.640  p= 0.5684
 15  /50  E =     -895.219 ( 0.073)  Rg =    3.298  rmsd=  1.484  p= 0.7405
---------------------------------------------------------------------------
    36    E =     -887.750 ( 0.093)  Rg =    3.378
  9  /50  E =     -893.073 ( 0.100)  Rg =    3.537  rmsd=  1.737  p= 1.0000
  9  /50  E =     -889.231 ( 0.098)  Rg =    3.319  rmsd=  1.780  p= 1.0000
 12  /50  E =     -843.609 ( 0.063)  Rg =    3.582  rmsd=  3.402  p= 0.1711
 12  /50  E =     -896.406 ( 0.099)  Rg =    3.195  rmsd=  3.277  p= 1.0000
 13  /50  E =     -880.059 ( 0.094)  Rg =    3.262  rmsd=  2.236  p= 0.7352
 13  /50  E =     -863.953 ( 0.094)  Rg =    3.642  rmsd=  3.615  p= 0.3860
 19  /50  E =     -865.956 ( 0.087)  Rg =    3.503  rmsd=  3.770  p= 0.4182
 19  /50  E =     -885.183 ( 0.086)  Rg =    3.575  rmsd=  1.491  p= 0.9024
 20  /50  E =     -876.238 ( 0.073)  Rg =    3.868  rmsd=  4.118  p= 0.6310
 20  /50  E =     -896.193 ( 0.058)  Rg =    3.304  rmsd=  1.202  p= 1.0000
---------------------------------------------------------------------------
    37    E =     -889.231 ( 0.098)  Rg =    3.319
  3  /50  E =     -857.869 ( 0.088)  Rg =    3.419  rmsd=  4.375  p= 0.2852
  3  /50  E =     -877.819 ( 0.085)  Rg =    3.530  rmsd=  4.165  p= 0.6335
  8  /50  E =     -889.103 ( 0.058)  Rg =    3.453  rmsd=  2.478  p= 0.9949
  8  /50  E =     -883.085 ( 0.098)  Rg =    3.568  rmsd=  4.087  p= 0.7820
  9  /50  E =     -881.414 ( 0.098)  Rg =    3.396  rmsd=  2.915  p= 0.7315
  9  /50  E =     -883.870 ( 0.068)  Rg =    3.443  rmsd=  4.112  p= 0.8070
 10  /50  E =     -893.016 ( 0.066)  Rg =    3.195  rmsd=  1.837  p= 1.0000
 10  /50  E =     -884.844 ( 0.099)  Rg =    3.595  rmsd=  2.353  p= 0.8391
 20  /50  E =     -884.449 ( 0.065)  Rg =    3.386  rmsd=  2.657  p= 0.8259
 20  /50  E =     -900.469 ( 0.079)  Rg =    3.541  rmsd=  2.031  p= 1.0000
---------------------------------------------------------------------------
    38    E =     -893.016 ( 0.066)  Rg =    3.195
  8  /50  E =     -874.676 ( 0.058)  Rg =    3.545  rmsd=  5.784  p= 0.4802
  8  /50  E =     -879.772 ( 0.063)  Rg =    3.301  rmsd=  5.048  p= 0.5887
 11  /50  E =     -892.807 ( 0.095)  Rg =    3.537  rmsd=  2.447  p= 0.9917
 11  /50  E =     -895.634 ( 0.086)  Rg =    3.251  rmsd=  2.792  p= 1.0000
 18  /50  E =     -881.057 ( 0.074)  Rg =    3.269  rmsd=  2.800  p= 0.6198
 18  /50  E =     -897.394 ( 0.045)  Rg =    3.339  rmsd=  1.740  p= 1.0000
 19  /50  E =     -893.106 ( 0.070)  Rg =    3.323  rmsd=  1.277  p= 1.0000
 19  /50  E =     -880.325 ( 0.069)  Rg =    3.137  rmsd=  3.057  p= 0.6019
 20  /50  E =     -890.864 ( 0.091)  Rg =    2.988  rmsd=  3.160  p= 0.9175
 20  /50  E =     -890.207 ( 0.078)  Rg =    3.664  rmsd=  2.831  p= 0.8937
---------------------------------------------------------------------------
    39    E =     -893.106 ( 0.070)  Rg =    3.323
  4  /50  E =     -847.040 ( 0.089)  Rg =    3.561  rmsd=  5.333  p= 0.1584
  4  /50  E =     -896.715 ( 0.092)  Rg =    3.580  rmsd=  2.068  p= 1.0000
  6  /50  E =     -871.890 ( 0.082)  Rg =    3.816  rmsd=  4.745  p= 0.4280
  6  /50  E =     -883.030 ( 0.058)  Rg =    3.671  rmsd=  3.994  p= 0.6683
  7  /50  E =     -893.637 ( 0.092)  Rg =    3.271  rmsd=  1.807  p= 1.0000
  7  /50  E =     -871.353 ( 0.072)  Rg =    3.588  rmsd=  3.237  p= 0.4189
 13  /50  E =     -888.859 ( 0.096)  Rg =    3.193  rmsd=  4.939  p= 0.8438
 13  /50  E =     -874.939 ( 0.061)  Rg =    3.422  rmsd=  2.335  p= 0.4835
 14  /50  E =     -900.043 ( 0.094)  Rg =    3.359  rmsd=  1.680  p= 1.0000
 14  /50  E =     -828.286 ( 0.072)  Rg =    3.736  rmsd=  4.968  p= 0.0748
---------------------------------------------------------------------------
    40    E =     -900.043 ( 0.094)  Rg =    3.359
  4  /50  E =     -869.778 ( 0.097)  Rg =    3.197  rmsd=  5.340  p= 0.2980
  4  /50  E =     -902.694 ( 0.098)  Rg =    3.375  rmsd=  1.535  p= 1.0000
 17  /50  E =     -900.649 ( 0.064)  Rg =    3.434  rmsd=  1.300  p= 1.0000
 17  /50  E =     -908.847 ( 0.100)  Rg =    3.397  rmsd=  1.135  p= 1.0000
 18  /50  E =     -880.330 ( 0.081)  Rg =    3.441  rmsd=  1.983  p= 0.4545
 18  /50  E =     -903.086 ( 0.082)  Rg =    3.551  rmsd=  2.069  p= 1.0000
 19  /50  E =     -895.107 ( 0.090)  Rg =    3.552  rmsd=  2.353  p= 0.8208
 19  /50  E =     -882.972 ( 0.090)  Rg =    3.474  rmsd=  1.738  p= 0.5052
 20  /50  E =     -899.444 ( 0.095)  Rg =    3.471  rmsd=  1.128  p= 0.9763
 20  /50  E =     -899.205 ( 0.088)  Rg =    3.360  rmsd=  1.341  p= 0.9670
__________________________________________________
 Top Ten:
       1  E =     -940.171 / 6  Rg =    3.503
       2  E =     -933.593 / 7  Rg =    3.531
       3  E =     -920.053 / 2  Rg =    3.654
       4  E =     -916.156 / 1  Rg =    3.303
       5  E =     -914.903 / 1  Rg =    3.148
       6  E =     -913.924 / 3  Rg =    3.492
       7  E =     -913.741 / 1  Rg =    3.464
       8  E =     -913.205 / 2  Rg =    3.087
       9  E =     -913.095 / 1  Rg =    3.226
      10  E =     -911.557 / 2  Rg =    2.999
--------------------------------------------------
 Total Nof confs =   114
________________________
---------------------------------------------------------------------------
    41    E =     -882.972 ( 0.090)  Rg =    3.474
  1  /50  E =     -888.754 ( 0.077)  Rg =    3.417  rmsd=  3.457  p= 1.0000
  1  /50  E =     -884.977 ( 0.073)  Rg =    3.559  rmsd=  2.773  p= 1.0000
 10  /50  E =     -881.285 ( 0.074)  Rg =    3.294  rmsd=  4.581  p= 0.9347
 10  /50  E =     -883.637 ( 0.090)  Rg =    3.456  rmsd=  2.531  p= 1.0000
 12  /50  E =     -893.893 ( 0.067)  Rg =    3.131  rmsd=  3.223  p= 1.0000
 12  /50  E =     -881.548 ( 0.079)  Rg =    3.728  rmsd=  2.512  p= 0.9446
 14  /50  E =     -889.403 ( 0.061)  Rg =    3.627  rmsd=  1.757  p= 1.0000
 14  /50  E =     -861.015 ( 0.070)  Rg =    3.796  rmsd=  3.558  p= 0.4155
 16  /50  E =     -883.911 ( 0.086)  Rg =    3.658  rmsd=  3.918  p= 1.0000
 16  /50  E =     -891.141 ( 0.091)  Rg =    3.306  rmsd=  2.676  p= 1.0000
---------------------------------------------------------------------------
    42    E =     -883.637 ( 0.090)  Rg =    3.456
  2  /50  E =     -862.878 ( 0.097)  Rg =    3.573  rmsd=  5.149  p= 0.4359
  2  /50  E =     -859.568 ( 0.095)  Rg =    3.500  rmsd=  4.186  p= 0.3818
  4  /50  E =     -892.812 ( 0.077)  Rg =    3.412  rmsd=  2.480  p= 1.0000
  4  /50  E =     -873.962 ( 0.089)  Rg =    3.272  rmsd=  3.543  p= 0.6791
  6  /50  E =     -885.279 ( 0.093)  Rg =    3.737  rmsd=  2.266  p= 1.0000
  6  /50  E =     3151.608 ( 0.098)  Rg =    3.693  rmsd=  7.416  p= 0.0000
  9  /50  E =     -868.697 ( 0.083)  Rg =    3.813  rmsd=  3.789  p= 0.5501
  9  /50  E =     -882.107 ( 0.083)  Rg =    3.593  rmsd=  3.367  p= 0.9406
 13  /50  E =     -891.920 ( 0.082)  Rg =    3.237  rmsd=  3.616  p= 1.0000
 13  /50  E =     -867.894 ( 0.089)  Rg =    3.949  rmsd=  3.207  p= 0.5327
---------------------------------------------------------------------------
    43    E =     -867.894 ( 0.089)  Rg =    3.949
  1  /50  E =     -870.113 ( 0.097)  Rg =    3.757  rmsd=  1.577  p= 1.0000
  1  /50  E =     -872.267 ( 0.079)  Rg =    3.606  rmsd=  3.193  p= 1.0000
  2  /50  E =     -880.358 ( 0.075)  Rg =    3.654  rmsd=  3.051  p= 1.0000
  2  /50  E =     -859.713 ( 0.061)  Rg =    3.739  rmsd=  6.093  p= 0.7209
  7  /50  E =     -880.658 ( 0.076)  Rg =    3.491  rmsd=  3.212  p= 1.0000
  7  /50  E =     -880.866 ( 0.079)  Rg =    3.714  rmsd=  3.074  p= 1.0000
  9  /50  E =     -878.401 ( 0.097)  Rg =    3.953  rmsd=  2.258  p= 1.0000
  9  /50  E =     -871.975 ( 0.100)  Rg =    3.738  rmsd=  3.012  p= 1.0000
 14  /50  E =     -886.442 ( 0.057)  Rg =    3.594  rmsd=  1.765  p= 1.0000
 14  /50  E =     -876.914 ( 0.090)  Rg =    3.865  rmsd=  2.888  p= 1.0000
---------------------------------------------------------------------------
    44    E =     -886.442 ( 0.057)  Rg =    3.594
  3  /50  E =     -839.833 ( 0.094)  Rg =    3.749  rmsd=  3.607  p= 0.1550
  3  /50  E =     -882.436 ( 0.091)  Rg =    3.281  rmsd=  5.244  p= 0.8519
  8  /50  E =     -886.944 ( 0.071)  Rg =    3.504  rmsd=  2.509  p= 1.0000
  8  /50  E =     -885.374 ( 0.049)  Rg =    3.520  rmsd=  3.974  p= 0.9582
 10  /50  E =     -889.271 ( 0.083)  Rg =    3.191  rmsd=  4.730  p= 1.0000
 10  /50  E =     -878.607 ( 0.100)  Rg =    4.089  rmsd=  3.913  p= 0.7310
 14  /50  E =     -889.157 ( 0.078)  Rg =    3.590  rmsd=  1.709  p= 1.0000
 14  /50  E =     -877.408 ( 0.051)  Rg =    3.721  rmsd=  4.042  p= 0.6967
 16  /50  E =     -884.607 ( 0.096)  Rg =    3.614  rmsd=  1.816  p= 0.9292
 16  /50  E =     -867.791 ( 0.054)  Rg =    3.676  rmsd=  4.319  p= 0.4743
---------------------------------------------------------------------------
    45    E =     -889.271 ( 0.083)  Rg =    3.191
  3  /50  E =     -879.197 ( 0.092)  Rg =    3.724  rmsd=  4.723  p= 0.6683
  3  /50  E =     -873.900 ( 0.070)  Rg =    3.087  rmsd=  3.450  p= 0.5407
  5  /50  E =     -878.088 ( 0.086)  Rg =    3.085  rmsd=  2.498  p= 0.6393
  5  /50  E =     -895.725 ( 0.062)  Rg =    3.461  rmsd=  3.089  p= 1.0000
  6  /50  E =     -886.751 ( 0.076)  Rg =    3.143  rmsd=  3.342  p= 0.9041
  6  /50  E =     -842.013 ( 0.058)  Rg =    3.640  rmsd=  4.691  p= 0.1510
 10  /50  E =     -874.883 ( 0.093)  Rg =    3.516  rmsd=  2.851  p= 0.5624
 10  /50  E =     -885.462 ( 0.088)  Rg =    3.101  rmsd=  2.343  p= 0.8587
 14  /50  E =     -862.614 ( 0.050)  Rg =    3.309  rmsd=  2.354  p= 0.3443
 14  /50  E =     -876.822 ( 0.097)  Rg =    3.208  rmsd=  2.634  p= 0.6078
---------------------------------------------------------------------------
    46    E =     -895.725 ( 0.062)  Rg =    3.461
 11  /50  E =     -867.922 ( 0.083)  Rg =    3.295  rmsd=  3.495  p= 0.3289
 11  /50  E =     -870.591 ( 0.088)  Rg =    3.732  rmsd=  3.280  p= 0.3659
 17  /50  E =     -894.424 ( 0.064)  Rg =    3.313  rmsd=  3.955  p= 0.9493
 17  /50  E =     -870.123 ( 0.049)  Rg =    3.637  rmsd=  2.248  p= 0.3591
 18  /50  E =     -891.260 ( 0.064)  Rg =    3.494  rmsd=  2.212  p= 0.8364
 18  /50  E =     -898.950 ( 0.062)  Rg =    3.374  rmsd=  1.721  p= 1.0000
 19  /50  E =     -887.065 ( 0.088)  Rg =    3.715  rmsd=  2.760  p= 0.7072
 19  /50  E =     -887.061 ( 0.094)  Rg =    3.521  rmsd=  2.280  p= 0.7071
 20  /50  E =     3821.334 ( 0.097)  Rg =    4.102  rmsd=  5.616  p= 0.0000
 20  /50  E =     -900.728 ( 0.079)  Rg =    3.478  rmsd=  1.732  p= 1.0000
---------------------------------------------------------------------------
    47    E =     -894.424 ( 0.064)  Rg =    3.313
  3  /50  E =     -889.015 ( 0.099)  Rg =    3.473  rmsd=  4.523  p= 0.8054
  3  /50  E =     -884.597 ( 0.096)  Rg =    3.152  rmsd=  5.151  p= 0.6750
  7  /50  E =     -849.602 ( 0.082)  Rg =    3.411  rmsd=  5.992  p= 0.1665
  7  /50  E =     -898.489 ( 0.085)  Rg =    3.374  rmsd=  2.886  p= 1.0000
 10  /50  E =     -881.169 ( 0.052)  Rg =    3.631  rmsd=  1.850  p= 0.5885
 10  /50  E =     -869.263 ( 0.092)  Rg =    2.935  rmsd=  4.750  p= 0.3655
 11  /50  E =     -883.832 ( 0.095)  Rg =    3.516  rmsd=  2.731  p= 0.6546
 11  /50  E =     -866.864 ( 0.075)  Rg =    3.760  rmsd=  4.296  p= 0.3321
 14  /50  E =     -889.165 ( 0.088)  Rg =    3.436  rmsd=  1.986  p= 0.8103
 14  /50  E =     -880.332 ( 0.077)  Rg =    3.478  rmsd=  3.977  p= 0.5691
---------------------------------------------------------------------------
    48    E =     -884.597 ( 0.096)  Rg =    3.152
 13  /50  E =     -877.323 ( 0.099)  Rg =    3.277  rmsd=  2.155  p= 0.7475
 13  /50  E =     -898.201 ( 0.069)  Rg =    3.300  rmsd=  3.133  p= 1.0000
 14  /50  E =     -825.408 ( 0.074)  Rg =    3.482  rmsd=  4.870  p= 0.0937
 14  /50  E =     -882.433 ( 0.057)  Rg =    3.522  rmsd=  2.908  p= 0.9171
 16  /50  E =     -871.187 ( 0.091)  Rg =    3.295  rmsd=  2.626  p= 0.5848
 16  /50  E =     -889.156 ( 0.093)  Rg =    3.274  rmsd=  3.995  p= 1.0000
 19  /50  E =     -861.878 ( 0.088)  Rg =    3.114  rmsd=  2.559  p= 0.4030
 19  /50  E =     -884.236 ( 0.099)  Rg =    3.154  rmsd=  2.414  p= 0.9857
 20  /50  E =     -888.141 ( 0.068)  Rg =    3.098  rmsd=  1.464  p= 1.0000
 20  /50  E =     -872.498 ( 0.075)  Rg =    3.152  rmsd=  2.031  p= 0.6163
---------------------------------------------------------------------------
    49    E =     -871.187 ( 0.091)  Rg =    3.295
  8  /50  E =     -897.720 ( 0.055)  Rg =    3.109  rmsd=  2.418  p= 1.0000
  8  /50  E =     -876.659 ( 0.091)  Rg =    3.294  rmsd=  1.182  p= 1.0000
 12  /50  E =     -822.007 ( 0.086)  Rg =    3.616  rmsd=  4.643  p= 0.1398
 12  /50  E =     -891.418 ( 0.058)  Rg =    3.211  rmsd=  3.478  p= 1.0000
 14  /50  E =     -853.057 ( 0.071)  Rg =    3.409  rmsd=  4.230  p= 0.4842
 14  /50  E =     -851.390 ( 0.091)  Rg =    3.195  rmsd=  2.762  p= 0.4530
 19  /50  E =     -874.606 ( 0.097)  Rg =    3.297  rmsd=  1.024  p= 1.0000
 19  /50  E =     -870.865 ( 0.087)  Rg =    3.205  rmsd=  1.182  p= 0.9872
 20  /50  E =     -872.777 ( 0.077)  Rg =    3.216  rmsd=  0.712  p= 1.0000
 20  /50  E =     -863.061 ( 0.099)  Rg =    3.384  rmsd=  2.583  p= 0.7225
---------------------------------------------------------------------------
    50    E =     -874.606 ( 0.097)  Rg =    3.297
  4  /50  E =     -837.951 ( 0.091)  Rg =    3.782  rmsd=  3.493  p= 0.2308
  4  /50  E =     -901.947 ( 0.097)  Rg =    3.300  rmsd=  3.835  p= 1.0000
  6  /50  E =     -885.143 ( 0.049)  Rg =    3.273  rmsd=  4.160  p= 1.0000
  6  /50  E =     -864.094 ( 0.099)  Rg =    3.411  rmsd=  2.311  p= 0.6567
 11  /50  E =     -837.471 ( 0.091)  Rg =    3.148  rmsd=  6.372  p= 0.2264
 11  /50  E =     -838.828 ( 0.084)  Rg =    3.712  rmsd=  4.114  p= 0.2390
 12  /50  E =     -869.644 ( 0.090)  Rg =    3.343  rmsd=  2.177  p= 0.8200
 12  /50  E =     -879.990 ( 0.097)  Rg =    2.861  rmsd=  3.953  p= 1.0000
 20  /50  E =     -864.702 ( 0.085)  Rg =    3.211  rmsd=  2.268  p= 0.6729
 20  /50  E =     -875.724 ( 0.099)  Rg =    3.253  rmsd=  1.123  p= 1.0000
__________________________________________________
 Top Ten:
       1  E =     -940.171 / 6  Rg =    3.503
       2  E =     -933.593 / 7  Rg =    3.531
       3  E =     -920.053 / 2  Rg =    3.654
       4  E =     -916.156 / 1  Rg =    3.303
       5  E =     -914.903 / 1  Rg =    3.148
       6  E =     -913.924 / 3  Rg =    3.492
       7  E =     -913.741 / 1  Rg =    3.464
       8  E =     -913.205 / 2  Rg =    3.087
       9  E =     -913.095 / 1  Rg =    3.226
      10  E =     -911.557 / 2  Rg =    2.999
--------------------------------------------------
 Total Nof confs =   127
________________________
__________________________________________________
 Full list:
       1  E =     -940.171 / 6  Rg =    3.503
       2  E =     -933.593 / 7  Rg =    3.531
       3  E =     -920.053 / 2  Rg =    3.654
       4  E =     -916.156 / 1  Rg =    3.303
       5  E =     -914.903 / 1  Rg =    3.148
       6  E =     -913.924 / 3  Rg =    3.492
       7  E =     -913.741 / 1  Rg =    3.464
       8  E =     -913.205 / 2  Rg =    3.087
       9  E =     -913.095 / 1  Rg =    3.226
      10  E =     -911.557 / 2  Rg =    2.999
      11  E =     -910.939 / 1  Rg =    3.141
      12  E =     -909.288 / 2  Rg =    3.290
      13  E =     -908.847 / 6  Rg =    3.397
      14  E =     -908.735 / 1  Rg =    3.198
      15  E =     -908.598 / 1  Rg =    3.665
      16  E =     -907.937 / 1  Rg =    3.163
      17  E =     -907.458 / 8  Rg =    3.367
      18  E =     -907.283 / 1  Rg =    3.453
      19  E =     -907.085 / 1  Rg =    3.427
      20  E =     -906.013 / 4  Rg =    3.534
      21  E =     -905.379 / 1  Rg =    3.523
      22  E =     -905.304 / 3  Rg =    3.349
      23  E =     -905.183 / 1  Rg =    3.229
      24  E =     -904.586 / 1  Rg =    3.233
      25  E =     -903.750 / 1  Rg =    3.833
      26  E =     -903.482 / 1  Rg =    3.681
      27  E =     -903.474 / 1  Rg =    3.170
      28  E =     -903.086 / 1  Rg =    3.551
      29  E =     -902.764 / 1  Rg =    3.512
      30  E =     -902.748 / 1  Rg =    3.461
      31  E =     -902.731 / 7  Rg =    3.353
      32  E =     -902.602 / 1  Rg =    3.525
      33  E =     -902.176 / 1  Rg =    3.045
      34  E =     -901.947 / 1  Rg =    3.300
      35  E =     -901.848 / 1  Rg =    2.891
      36  E =     -901.730 / 1  Rg =    3.580
      37  E =     -901.393 / 2  Rg =    2.853
      38  E =     -901.170 / 1  Rg =    3.650
      39  E =     -900.950 / 3  Rg =    3.300
      40  E =     -900.800 / 2  Rg =    2.977
      41  E =     -900.728 / 2  Rg =    3.478
      42  E =     -900.620 / 1  Rg =    3.443
      43  E =     -900.469 / 1  Rg =    3.541
      44  E =     -900.423 / 1  Rg =    3.604
      45  E =     -900.319 / 1  Rg =    2.877
      46  E =     -900.044 / 1  Rg =    3.600
      47  E =     -899.888 / 1  Rg =    4.102
      48  E =     -899.797 / 1  Rg =    2.908
      49  E =     -899.501 / 2  Rg =    3.788
      50  E =     -899.253 / 1  Rg =    3.981
      51  E =     -899.245 / 1  Rg =    3.544
      52  E =     -899.210 / 1  Rg =    3.484
      53  E =     -898.950 / 1  Rg =    3.374
      54  E =     -898.806 / 1  Rg =    3.051
      55  E =     -898.728 / 1  Rg =    2.805
      56  E =     -898.661 / 1  Rg =    2.785
      57  E =     -898.489 / 1  Rg =    3.374
      58  E =     -898.326 / 1  Rg =    3.378
      59  E =     -898.283 / 1  Rg =    3.179
      60  E =     -898.201 / 1  Rg =    3.300
      61  E =     -898.048 / 1  Rg =    3.314
      62  E =     -897.720 / 1  Rg =    3.109
      63  E =     -897.632 / 1  Rg =    3.021
      64  E =     -897.588 / 1  Rg =    3.414
      65  E =     -897.394 / 4  Rg =    3.339
      66  E =     -897.130 / 1  Rg =    3.300
      67  E =     -897.101 / 1  Rg =    2.834
      68  E =     -896.909 / 1  Rg =    3.665
      69  E =     -896.895 / 1  Rg =    2.850
      70  E =     -896.796 / 1  Rg =    3.581
      71  E =     -896.715 / 1  Rg =    3.580
      72  E =     -896.635 / 1  Rg =    3.612
      73  E =     -896.557 / 1  Rg =    2.948
      74  E =     -896.495 / 2  Rg =    3.384
      75  E =     -896.406 / 1  Rg =    3.195
      76  E =     -896.281 / 1  Rg =    3.543
      77  E =     -895.867 / 1  Rg =    2.950
      78  E =     -895.634 / 1  Rg =    3.251
      79  E =     -895.551 / 1  Rg =    3.067
      80  E =     -895.433 / 1  Rg =    3.099
      81  E =     -895.207 / 1  Rg =    3.810
      82  E =     -895.107 / 1  Rg =    3.552
      83  E =     -895.033 / 1  Rg =    2.955
      84  E =     -894.983 / 1  Rg =    3.510
      85  E =     -894.962 / 1  Rg =    3.036
      86  E =     -894.764 / 1  Rg =    3.201
      87  E =     -894.424 / 1  Rg =    3.313
      88  E =     -894.410 / 1  Rg =    3.430
      89  E =     -894.250 / 2  Rg =    3.130
      90  E =     -894.215 / 1  Rg =    3.514
      91  E =     -894.180 / 1  Rg =    2.955
      92  E =     -893.893 / 1  Rg =    3.131
      93  E =     -893.685 / 1  Rg =    3.452
      94  E =     -893.637 / 1  Rg =    3.271
      95  E =     -893.463 / 1  Rg =    3.241
      96  E =     -893.250 / 1  Rg =    3.392
      97  E =     -893.197 / 1  Rg =    3.681
      98  E =     -893.168 / 1  Rg =    3.081
      99  E =     -893.114 / 1  Rg =    3.328
     100  E =     -893.073 / 1  Rg =    3.537
     101  E =     -893.053 / 1  Rg =    3.284
     102  E =     -893.051 / 1  Rg =    3.158
     103  E =     -892.911 / 1  Rg =    3.053
     104  E =     -892.812 / 1  Rg =    3.412
     105  E =     -892.807 / 1  Rg =    3.537
     106  E =     -892.760 / 1  Rg =    3.548
     107  E =     -892.590 / 1  Rg =    3.389
     108  E =     -891.920 / 1  Rg =    3.237
     109  E =     -891.798 / 1  Rg =    3.284
     110  E =     -891.789 / 1  Rg =    3.420
     111  E =     -891.600 / 1  Rg =    3.768
     112  E =     -891.596 / 1  Rg =    3.080
     113  E =     -891.577 / 1  Rg =    3.842
     114  E =     -891.513 / 1  Rg =    3.271
     115  E =     -891.418 / 1  Rg =    3.211
     116  E =     -891.405 / 1  Rg =    3.796
     117  E =     -891.365 / 1  Rg =    3.604
     118  E =     -891.339 / 1  Rg =    3.362
     119  E =     -891.309 / 1  Rg =    3.149
     120  E =     -891.260 / 1  Rg =    3.494
     121  E =     -891.141 / 1  Rg =    3.306
     122  E =     -891.019 / 1  Rg =    3.408
     123  E =     -890.950 / 1  Rg =    3.108
     124  E =     -890.864 / 1  Rg =    2.988
     125  E =     -890.853 / 1  Rg =    3.430
     126  E =     -890.301 / 1  Rg =    3.349
     127  E =     -890.207 / 1  Rg =    3.664
--------------------------------------------------
 Total Nof confs =   127
________________________

 Glob. min. E         =     -940.171 kcal/mol
 Time in LMOD         =     1333.938 CPU sec
 Time in NAB and libs =   156678.866 CPU sec
Reading parm file (CH65_Fab_X-ray_4lmod.prmtop)
title:
default_name

 Unfrozen minimized energies:
	mm_options:  ntpr=1
 conf   1  E =    -7730.584 (       0.305)
 conf   2  E =    -7718.503 (       0.216)
 conf   3  E =    -7709.390 (       0.235)
 conf   4  E =    -7702.883 (       0.259)
 conf   5  E =    -7692.619 (       0.373)
 conf   6  E =    -7700.963 (       0.280)
 conf   7  E =    -7700.866 (       0.324)
 conf   8  E =    -7705.678 (       0.271)
 conf   9  E =    -7697.278 (       0.305)
 conf  10  E =    -7693.443 (       0.351)
 conf  11  E =    -7691.724 (       0.330)
 conf  12  E =    -7691.890 (       0.303)
 conf  13  E =    -7691.443 (       0.341)
 conf  14  E =    -7699.712 (       0.284)
 conf  15  E =    -7706.266 (       0.167)
 conf  16  E =    -7693.143 (       0.330)
 conf  17  E =    -7688.577 (       0.336)
 conf  18  E =    -7687.775 (       0.303)
 conf  19  E =    -7690.475 (       0.297)
 conf  20  E =    -7689.277 (       0.331)
 conf  21  E =    -7697.598 (       0.297)
 conf  22  E =    -7691.632 (       0.342)
 conf  23  E =    -7691.549 (       0.316)
 conf  24  E =    -7686.753 (       0.361)
 conf  25  E =    -7688.244 (       0.332)
 conf  26  E =    -7687.973 (       0.315)
 conf  27  E =    -7692.731 (       0.286)
 conf  28  E =    -7690.445 (       0.385)
 conf  29  E =    -7697.340 (       0.296)
 conf  30  E =    -7690.892 (       0.303)
 conf  31  E =    -7685.040 (       0.321)
 conf  32  E =    -7676.106 (       0.329)
 conf  33  E =    -7691.199 (       0.339)
 conf  34  E =    -7683.145 (       0.313)
 conf  35  E =    -7680.694 (       0.356)
 conf  36  E =    -7696.775 (       0.273)
 conf  37  E =    -7685.201 (       0.379)
 conf  38  E =    -7696.513 (       0.299)
 conf  39  E =    -7688.720 (       0.279)
 conf  40  E =    -7693.413 (       0.305)
 conf  41  E =    -7689.883 (       0.307)
 conf  42  E =    -7687.762 (       0.278)
 conf  43  E =    -7688.399 (       0.310)
 conf  44  E =    -7683.417 (       0.319)
 conf  45  E =    -7686.414 (       0.342)
 conf  46  E =    -7692.090 (       0.299)
 conf  47  E =    -7688.519 (       0.384)
 conf  48  E =    -7688.945 (       0.330)
 conf  49  E =    -7693.660 (       0.303)
 conf  50  E =    -7693.209 (       0.303)
 conf  51  E =    -7684.813 (       0.280)
 conf  52  E =    -7680.521 (       0.336)
 conf  53  E =    -7689.421 (       0.306)
 conf  54  E =    -7688.181 (       0.353)
 conf  55  E =    -7682.334 (       0.392)
 conf  56  E =    -7685.587 (       0.349)
 conf  57  E =    -7688.336 (       0.304)
 conf  58  E =    -7685.136 (       0.341)
 conf  59  E =    -7689.351 (       0.336)
 conf  60  E =    -7690.465 (       0.277)
 conf  61  E =    -7695.320 (       0.251)
 conf  62  E =    -7677.216 (       0.358)
 conf  63  E =    -7684.626 (       0.309)
 conf  64  E =    -7673.977 (       0.405)
 conf  65  E =    -7678.076 (       0.363)
 conf  66  E =    -7683.747 (       0.327)
 conf  67  E =    -7685.034 (       0.344)
 conf  68  E =    -7688.695 (       0.313)
 conf  69  E =    -7686.527 (       0.335)
 conf  70  E =    -7674.961 (       0.373)
 conf  71  E =    -7680.438 (       0.339)
 conf  72  E =    -7684.356 (       0.351)
 conf  73  E =    -7684.240 (       0.320)
 conf  74  E =    -7681.749 (       0.328)
 conf  75  E =    -7675.439 (       0.336)
 conf  76  E =    -7688.944 (       0.280)
 conf  77  E =    -7679.109 (       0.374)
 conf  78  E =    -7683.244 (       0.294)
 conf  79  E =    -7679.488 (       0.326)
 conf  80  E =    -7686.582 (       0.362)
 conf  81  E =    -7686.042 (       0.332)
 conf  82  E =    -7685.698 (       0.326)
 conf  83  E =    -7682.276 (       0.354)
 conf  84  E =    -7691.852 (       0.276)
 conf  85  E =    -7682.113 (       0.323)
 conf  86  E =    -7685.910 (       0.318)
 conf  87  E =    -7687.646 (       0.306)
 conf  88  E =    -7682.329 (       0.314)
 conf  89  E =    -7677.089 (       0.333)
 conf  90  E =    -7689.320 (       0.293)
 conf  91  E =    -7682.390 (       0.339)
 conf  92  E =    -7676.732 (       0.350)
 conf  93  E =    -7686.642 (       0.275)
 conf  94  E =    -7673.860 (       0.368)
 conf  95  E =    -7683.809 (       0.330)
 conf  96  E =    -7658.476 (       0.361)
 conf  97  E =    -7681.723 (       0.321)
 conf  98  E =    -7684.286 (       0.232)
 conf  99  E =    -7671.964 (       0.274)
 conf 100  E =    -7679.380 (       0.314)
 conf 101  E =    -7683.148 (       0.349)
 conf 102  E =    -7662.185 (       0.361)
 conf 103  E =    -7681.178 (       0.289)
 conf 104  E =    -7683.565 (       0.347)
 conf 105  E =    -7676.364 (       0.339)
 conf 106  E =    -7680.986 (       0.294)
 conf 107  E =    -7679.864 (       0.298)
 conf 108  E =    -7678.466 (       0.338)
 conf 109  E =    -7671.298 (       0.350)
 conf 110  E =    -7681.660 (       0.306)
 conf 111  E =    -7678.955 (       0.340)
 conf 112  E =    -7679.800 (       0.366)
 conf 113  E =    -7683.670 (       0.326)
 conf 114  E =    -7685.392 (       0.401)
 conf 115  E =    -7677.877 (       0.348)
 conf 116  E =    -7682.434 (       0.357)
 conf 117  E =    -7671.357 (       0.353)
 conf 118  E =    -7667.013 (       0.345)
 conf 119  E =    -7674.941 (       0.327)
 conf 120  E =    -7678.639 (       0.306)
 conf 121  E =    -7670.454 (       0.330)
 conf 122  E =    -7680.673 (       0.386)
 conf 123  E =    -7676.681 (       0.390)
 conf 124  E =    -7671.597 (       0.326)
 conf 125  E =    -7683.693 (       0.295)
 conf 126  E =    -7679.373 (       0.335)
 conf 127  E =    -7684.311 (       0.383)
