Reading parm file (1W50_4nab.prmtop)
title:
                                                                                
	mm_options:  ntpr=1
	mm_options:  gb=1
	mm_options:  kappa=0.10395
	mm_options:  rgbmax=99.
	mm_options:  cut=99.0
	mm_options:  diel=C
      iter    Total       bad      vdW     elect   nonpolar   genBorn      frms
ff:     0  -9500.04   4866.83  -2236.09  -7236.13      0.00  -4894.65  6.37e+00
Starting TNCG minimisation
 MIN: Iter =    0  NFunc =     1  E =   -9500.03900  RMSG = 6.3746448e+00
 MIN: Iter =    1  NFunc =     7  E =  -10181.49394  RMSG = 2.2149639e+00
 MIN: Iter =    2  NFunc =    33  E =  -10252.40576  RMSG = 2.8268983e+00
 MIN: Iter =    3  NFunc =    43  E =  -10431.15999  RMSG = 1.1265589e+00
 MIN: Iter =    4  NFunc =    94  E =  -10487.64727  RMSG = 1.9196622e+00
 MIN: Iter =    5  NFunc =   101  E =  -10533.91579  RMSG = 7.1922437e-01
 MIN: Iter =    6  NFunc =   148  E =  -10570.99129  RMSG = 1.3320967e+00
 MIN: Iter =    7  NFunc =   174  E =  -10592.96641  RMSG = 1.4888593e+00
 MIN: Iter =    8  NFunc =   184  E =  -10646.25577  RMSG = 1.0295265e+00
 MIN: Iter =    9  NFunc =   234  E =  -10652.40312  RMSG = 1.0369730e+00
 MIN: Iter =   10  NFunc =   249  E =  -10693.14679  RMSG = 8.0354161e-01
 MIN: Iter =   11  NFunc =   300  E =  -10730.16060  RMSG = 9.9595669e-01
 MIN: Iter =   12  NFunc =   306  E =  -10745.95810  RMSG = 4.0547771e-01
 MIN: Iter =   13  NFunc =   358  E =  -10752.38636  RMSG = 4.1409432e-01
 MIN: Iter =   14  NFunc =   367  E =  -10759.78918  RMSG = 6.5049784e-01
 MIN: Iter =   15  NFunc =   377  E =  -10770.52003  RMSG = 8.7882837e-01
 MIN: Iter =   16  NFunc =   388  E =  -10785.30341  RMSG = 3.7535837e-01
 MIN: Iter =   17  NFunc =   440  E =  -10800.33433  RMSG = 4.2622357e-01
 MIN: Iter =   18  NFunc =   492  E =  -10806.08985  RMSG = 4.3440915e-01
 MIN: Iter =   19  NFunc =   499  E =  -10809.76945  RMSG = 3.6171760e-01
 MIN: Iter =   20  NFunc =   506  E =  -10813.46602  RMSG = 2.4579777e-01
 MIN: Iter =   21  NFunc =   533  E =  -10816.39014  RMSG = 3.2416987e-01
 MIN: Iter =   22  NFunc =   585  E =  -10825.48364  RMSG = 3.3435145e-01
 MIN: Iter =   23  NFunc =   597  E =  -10833.91384  RMSG = 5.4324899e-01
 MIN: Iter =   24  NFunc =   603  E =  -10839.18487  RMSG = 2.1167512e-01
 MIN: Iter =   25  NFunc =   655  E =  -10845.61170  RMSG = 2.5108886e-01
 MIN: Iter =   26  NFunc =   682  E =  -10853.92656  RMSG = 6.2157914e-01
 MIN: Iter =   27  NFunc =   688  E =  -10859.99211  RMSG = 2.3338516e-01
 MIN: Iter =   28  NFunc =   740  E =  -10866.13118  RMSG = 3.6058261e-01
 MIN: Iter =   29  NFunc =   769  E =  -10872.92040  RMSG = 3.4958556e-01
 MIN: Iter =   30  NFunc =   781  E =  -10878.59500  RMSG = 4.0992033e-01
 MIN: Iter =   31  NFunc =   787  E =  -10880.90325  RMSG = 1.3079886e-01
 MIN: Iter =   32  NFunc =   833  E =  -10883.20783  RMSG = 1.9990830e-01
 MIN: Iter =   33  NFunc =   885  E =  -10886.44544  RMSG = 1.9589119e-01
 MIN: Iter =   34  NFunc =   912  E =  -10890.88204  RMSG = 5.4144845e-01
 MIN: Iter =   35  NFunc =   918  E =  -10894.12198  RMSG = 1.6199237e-01
 MIN: Iter =   36  NFunc =   969  E =  -10899.52177  RMSG = 4.1784160e-01
 MIN: Iter =   37  NFunc =  1006  E =  -10901.93562  RMSG = 4.4947246e-01
 MIN: Iter =   38  NFunc =  1014  E =  -10905.37635  RMSG = 1.4120364e-01
 MIN: Iter =   39  NFunc =  1066  E =  -10908.31075  RMSG = 1.4110667e-01
 MIN: Iter =   40  NFunc =  1095  E =  -10910.74836  RMSG = 1.5452857e-01
 MIN: Iter =   41  NFunc =  1109  E =  -10912.66799  RMSG = 3.1277234e-01
 MIN: Iter =   42  NFunc =  1117  E =  -10914.44158  RMSG = 1.1012599e-01
 MIN: Iter =   43  NFunc =  1156  E =  -10915.35888  RMSG = 1.9666751e-01
 MIN: Iter =   44  NFunc =  1207  E =  -10919.21405  RMSG = 3.8756827e-01
 MIN: Iter =   45  NFunc =  1213  E =  -10921.10079  RMSG = 1.4496846e-01
 MIN: Iter =   46  NFunc =  1256  E =  -10921.69987  RMSG = 1.8090999e-01
 MIN: Iter =   47  NFunc =  1308  E =  -10923.01842  RMSG = 2.7044465e-01
 MIN: Iter =   48  NFunc =  1316  E =  -10924.42561  RMSG = 2.5826369e-01
 MIN: Iter =   49  NFunc =  1323  E =  -10926.42736  RMSG = 2.5242904e-01
 MIN: Iter =   50  NFunc =  1330  E =  -10928.49532  RMSG = 2.2298376e-01
 MIN: Iter =   51  NFunc =  1340  E =  -10930.42367  RMSG = 2.8721588e-01
 MIN: Iter =   52  NFunc =  1391  E =  -10934.44504  RMSG = 3.1571440e-01
 MIN: Iter =   53  NFunc =  1424  E =  -10936.15613  RMSG = 3.5090430e-01
 MIN: Iter =   54  NFunc =  1437  E =  -10938.29430  RMSG = 1.6474042e-01
 MIN: Iter =   55  NFunc =  1488  E =  -10941.18822  RMSG = 4.5812025e-01
 MIN: Iter =   56  NFunc =  1494  E =  -10943.22711  RMSG = 1.0241523e-01
 MIN: Iter =   57  NFunc =  1546  E =  -10945.60990  RMSG = 2.8287449e-01
 MIN: Iter =   58  NFunc =  1569  E =  -10947.39131  RMSG = 2.9549669e-01
 MIN: Iter =   59  NFunc =  1575  E =  -10948.34937  RMSG = 9.7855514e-02
 MIN: Iter =   60  NFunc =  1627  E =  -10950.18592  RMSG = 9.8261948e-02
 MIN: Iter =   61  NFunc =  1649  E =  -10951.63464  RMSG = 2.7341248e-01
 MIN: Iter =   62  NFunc =  1655  E =  -10952.65829  RMSG = 6.9943777e-02
 MIN: Iter =   63  NFunc =  1707  E =  -10954.04671  RMSG = 1.3482008e-01
 MIN: Iter =   64  NFunc =  1735  E =  -10955.27374  RMSG = 2.4128503e-01
 MIN: Iter =   65  NFunc =  1741  E =  -10955.99956  RMSG = 7.0601057e-02
 MIN: Iter =   66  NFunc =  1793  E =  -10957.07979  RMSG = 7.5877658e-02
 MIN: Iter =   67  NFunc =  1820  E =  -10958.31220  RMSG = 2.1598493e-01
 MIN: Iter =   68  NFunc =  1826  E =  -10958.90635  RMSG = 7.7660570e-02
 MIN: Iter =   69  NFunc =  1877  E =  -10960.01128  RMSG = 2.3368877e-01
 MIN: Iter =   70  NFunc =  1883  E =  -10960.58072  RMSG = 7.1261254e-02
 MIN: Iter =   71  NFunc =  1935  E =  -10961.73707  RMSG = 8.0777480e-02
 MIN: Iter =   72  NFunc =  1986  E =  -10962.65589  RMSG = 2.7165501e-01
 MIN: Iter =   73  NFunc =  1992  E =  -10963.83730  RMSG = 8.9653478e-02
 MIN: Iter =   74  NFunc =  2015  E =  -10964.31965  RMSG = 2.0212916e-01
 MIN: Iter =   75  NFunc =  2021  E =  -10964.78423  RMSG = 4.7986971e-02
----------------------------------------------------------------
 END:          :-)  E =  -10964.78423  RMSG =   0.0479870

 Unfrozen minimized energy =   -10964.784
 Gradient RMS              =        0.048
 Iter                      =           75
 CPU time                  =     1093.379

	mm_options:  ntpr=99999
freezing 5461 atoms using expression :43-63,108-119: for moving atoms
___________________________________________________________________________
                  Low-Mode Simulation
---------------------------------------------------------------------------
     1    E =    -1160.371 ( 0.053)  Rg =    4.251
  1  / 6  E =    -1153.791 ( 0.100)  Rg =    4.267  rmsd=  0.482  p= 0.1116
  1  / 4  E =    -1153.564 ( 0.082)  Rg =    4.374  rmsd=  1.135  p= 0.1034
  9  / 3  E =    -1159.966 ( 0.079)  Rg =    4.250  rmsd=  0.083  p= 0.8737
  9  /10  E =    -1154.146 ( 0.077)  Rg =    4.249  rmsd=  0.575  p= 0.1255
 12  /11  E =    -1157.702 ( 0.093)  Rg =    4.292  rmsd=  0.826  p= 0.4108
 12  / 9  E =    -1144.365 ( 0.069)  Rg =    4.232  rmsd=  0.969  p= 0.0048
 14  / 2  E =    -1159.129 ( 0.081)  Rg =    4.274  rmsd=  0.487  p= 0.6610
 14  / 5  E =    -1132.826 ( 0.083)  Rg =    4.205  rmsd=  1.154  p= 0.0001
 15  / 7  E =    -1156.441 ( 0.090)  Rg =    4.246  rmsd=  0.380  p= 0.2698
 15  / 7  E =    -1120.990 ( 0.094)  Rg =    4.492  rmsd=  1.951  p= 0.0000
---------------------------------------------------------------------------
     2    E =    -1159.966 ( 0.079)  Rg =    4.250
  2  / 8  E =    -1143.400 ( 0.075)  Rg =    4.327  rmsd=  1.115  p= 0.0040
  2  / 5  E =    -1158.457 ( 0.093)  Rg =    4.245  rmsd=  0.218  p= 0.6047
  3  / 8  E =    -1152.234 ( 0.081)  Rg =    4.271  rmsd=  0.422  p= 0.0760
  3  / 4  E =    -1156.183 ( 0.051)  Rg =    4.253  rmsd=  0.379  p= 0.2834
  7  /12  E =    -1158.000 ( 0.070)  Rg =    4.299  rmsd=  0.540  p= 0.5193
  7  / 4  E =    -1156.548 ( 0.079)  Rg =    4.264  rmsd=  0.284  p= 0.3201
 14  /20  E =    -1158.492 ( 0.074)  Rg =    4.336  rmsd=  0.935  p= 0.6118
 14  / 5  E =    -1149.541 ( 0.046)  Rg =    4.260  rmsd=  0.584  p= 0.0310
 15  / 8  E =    -1148.963 ( 0.071)  Rg =    4.238  rmsd=  0.550  p= 0.0255
 15  / 6  E =    -1152.750 ( 0.083)  Rg =    4.230  rmsd=  0.918  p= 0.0902
---------------------------------------------------------------------------
     3    E =    -1158.492 ( 0.074)  Rg =    4.336
  2  / 7  E =    -1152.030 ( 0.091)  Rg =    4.365  rmsd=  1.117  p= 0.1160
  2  / 5  E =    -1156.043 ( 0.084)  Rg =    4.344  rmsd=  0.395  p= 0.4420
  4  / 4  E =    -1157.094 ( 0.095)  Rg =    4.331  rmsd=  0.350  p= 0.6276
  4  /13  E =    -1158.922 ( 0.067)  Rg =    4.305  rmsd=  0.452  p= 1.0000
 10  /13  E =    -1141.579 ( 0.063)  Rg =    4.352  rmsd=  0.873  p= 0.0036
 10  / 6  E =    -1159.051 ( 0.095)  Rg =    4.312  rmsd=  0.316  p= 1.0000
 13  / 6  E =    -1149.061 ( 0.094)  Rg =    4.358  rmsd=  1.001  p= 0.0431
 13  /20  E =    -1139.667 ( 0.097)  Rg =    4.279  rmsd=  1.334  p= 0.0019
 15  / 7  E =    -1143.899 ( 0.089)  Rg =    4.297  rmsd=  0.883  p= 0.0077
 15  / 5  E =    -1152.298 ( 0.081)  Rg =    4.325  rmsd=  0.813  p= 0.1269
---------------------------------------------------------------------------
     4    E =    -1159.051 ( 0.095)  Rg =    4.312
  3  /10  E =    -1142.109 ( 0.097)  Rg =    4.285  rmsd=  0.945  p= 0.0035
  3  /20  E =    -1100.655 ( 0.099)  Rg =    4.372  rmsd=  1.994  p= 0.0000
 11  / 3  E =    -1158.401 ( 0.096)  Rg =    4.300  rmsd=  0.230  p= 0.8052
 11  / 3  E =    -1153.529 ( 0.084)  Rg =    4.266  rmsd=  1.007  p= 0.1587
 12  / 5  E =    -1156.756 ( 0.066)  Rg =    4.295  rmsd=  0.327  p= 0.4653
 12  / 7  E =    -1146.988 ( 0.093)  Rg =    4.221  rmsd=  1.166  p= 0.0179
 13  / 5  E =    -1145.525 ( 0.097)  Rg =    4.458  rmsd=  1.742  p= 0.0110
 13  / 2  E =    -1157.708 ( 0.083)  Rg =    4.322  rmsd=  0.238  p= 0.6390
 14  / 2  E =    -1158.981 ( 0.074)  Rg =    4.313  rmsd=  0.090  p= 0.9770
 14  / 7  E =    -1160.129 ( 0.066)  Rg =    4.311  rmsd=  0.504  p= 1.0000
---------------------------------------------------------------------------
     5    E =    -1160.129 ( 0.066)  Rg =    4.311
  4  / 6  E =    -1158.315 ( 0.086)  Rg =    4.347  rmsd=  0.440  p= 0.5463
  4  / 4  E =    -1146.297 ( 0.071)  Rg =    4.288  rmsd=  0.711  p= 0.0099
  8  / 3  E =    -1158.718 ( 0.096)  Rg =    4.298  rmsd=  0.181  p= 0.6248
  8  / 5  E =    -1159.070 ( 0.095)  Rg =    4.292  rmsd=  0.314  p= 0.7026
 10  /20  E =    -1158.682 ( 0.091)  Rg =    4.337  rmsd=  0.507  p= 0.6174
 10  / 5  E =    -1158.917 ( 0.089)  Rg =    4.331  rmsd=  0.271  p= 0.6678
 11  / 5  E =    -1115.262 ( 0.055)  Rg =    4.533  rmsd=  2.467  p= 0.0000
 11  / 8  E =    -1151.412 ( 0.085)  Rg =    4.277  rmsd=  0.896  p= 0.0547
 12  /20  E =    -1152.854 ( 0.077)  Rg =    4.291  rmsd=  0.980  p= 0.0885
 12  / 8  E =    -1124.241 ( 0.082)  Rg =    4.243  rmsd=  1.878  p= 0.0000
---------------------------------------------------------------------------
     6    E =    -1159.070 ( 0.095)  Rg =    4.292
  2  / 6  E =    -1154.426 ( 0.094)  Rg =    4.324  rmsd=  0.657  p= 0.2127
  2  / 4  E =    -1159.244 ( 0.094)  Rg =    4.300  rmsd=  0.171  p= 1.0000
  3  / 4  E =    -1129.688 ( 0.098)  Rg =    4.336  rmsd=  0.866  p= 0.0001
  3  / 7  E =    -1157.881 ( 0.086)  Rg =    4.351  rmsd=  0.741  p= 0.6728
  4  / 9  E =    -1113.313 ( 0.063)  Rg =    4.461  rmsd=  1.893  p= 0.0000
  4  / 6  E =    -1138.463 ( 0.097)  Rg =    4.268  rmsd=  0.987  p= 0.0010
  5  / 2  E =    -1160.818 ( 0.076)  Rg =    4.326  rmsd=  0.327  p= 1.0000
  5  / 5  E =    -1164.186 ( 0.089)  Rg =    4.305  rmsd=  0.233  p= 1.0000
  7  /20  E =    -1155.138 ( 0.099)  Rg =    4.349  rmsd=  0.880  p= 0.2696
  7  /15  E =    -1137.562 ( 0.078)  Rg =    4.265  rmsd=  1.232  p= 0.0008
---------------------------------------------------------------------------
     7    E =    -1164.186 ( 0.089)  Rg =    4.305
  1  / 7  E =    -1129.790 ( 0.098)  Rg =    4.088  rmsd=  2.520  p= 0.0000
  1  / 4  E =    -1160.728 ( 0.076)  Rg =    4.355  rmsd=  0.625  p= 0.3158
  4  / 8  E =    -1114.288 ( 0.058)  Rg =    4.448  rmsd=  1.890  p= 0.0000
  4  / 5  E =    -1150.704 ( 0.081)  Rg =    4.307  rmsd=  0.385  p= 0.0112
 11  / 6  E =    -1137.654 ( 0.098)  Rg =    4.309  rmsd=  1.385  p= 0.0001
 11  /14  E =    -1158.799 ( 0.051)  Rg =    4.242  rmsd=  1.101  p= 0.1661
 13  / 7  E =    -1125.313 ( 0.086)  Rg =    4.522  rmsd=  2.066  p= 0.0000
 13  /15  E =    -1127.179 ( 0.074)  Rg =    4.220  rmsd=  1.782  p= 0.0000
 14  / 2  E =    -1162.454 ( 0.095)  Rg =    4.309  rmsd=  0.553  p= 0.5614
 14  / 4  E =    -1152.802 ( 0.070)  Rg =    4.305  rmsd=  0.738  p= 0.0225
---------------------------------------------------------------------------
     8    E =    -1162.454 ( 0.095)  Rg =    4.309
 11  / 4  E =    -1110.338 ( 0.085)  Rg =    4.580  rmsd=  2.227  p= 0.0000
 11  / 2  E =    -1162.461 ( 0.095)  Rg =    4.308  rmsd=  0.533  p= 1.0000
 12  /19  E =    -1157.488 ( 0.090)  Rg =    4.273  rmsd=  0.492  p= 0.1910
 12  / 3  E =    -1162.014 ( 0.077)  Rg =    4.244  rmsd=  0.710  p= 0.8637
 13  /10  E =    -1148.529 ( 0.090)  Rg =    4.369  rmsd=  1.125  p= 0.0096
 13  / 9  E =    -1166.363 ( 0.091)  Rg =    4.301  rmsd=  0.703  p= 1.0000
 14  / 4  E =    -1162.517 ( 0.077)  Rg =    4.306  rmsd=  0.046  p= 1.0000
 14  / 3  E =    -1163.632 ( 0.093)  Rg =    4.296  rmsd=  0.556  p= 1.0000
 15  / 2  E =    -1162.259 ( 0.094)  Rg =    4.304  rmsd=  0.315  p= 0.9372
 15  / 2  E =    -1162.555 ( 0.090)  Rg =    4.315  rmsd=  0.266  p= 1.0000
---------------------------------------------------------------------------
     9    E =    -1166.363 ( 0.091)  Rg =    4.301
  7  / 3  E =    -1165.781 ( 0.084)  Rg =    4.314  rmsd=  0.429  p= 0.8237
  7  / 5  E =    -1155.047 ( 0.070)  Rg =    4.276  rmsd=  0.659  p= 0.0230
  8  / 8  E =    -1130.549 ( 0.088)  Rg =    4.214  rmsd=  1.943  p= 0.0000
  8  / 6  E =    -1166.038 ( 0.083)  Rg =    4.268  rmsd=  0.321  p= 0.8973
 10  / 9  E =    -1163.553 ( 0.097)  Rg =    4.306  rmsd=  0.300  p= 0.3919
 10  /16  E =    -1167.148 ( 0.095)  Rg =    4.319  rmsd=  0.626  p= 1.0000
 14  / 3  E =    -1166.685 ( 0.057)  Rg =    4.313  rmsd=  0.228  p= 1.0000
 14  / 2  E =    -1168.110 ( 0.066)  Rg =    4.300  rmsd=  0.520  p= 1.0000
 15  / 5  E =    -1166.656 ( 0.079)  Rg =    4.279  rmsd=  0.306  p= 1.0000
 15  /17  E =    -1164.720 ( 0.092)  Rg =    4.275  rmsd=  0.402  p= 0.5783
---------------------------------------------------------------------------
    10    E =    -1168.110 ( 0.066)  Rg =    4.300
  2  / 7  E =    -1167.626 ( 0.098)  Rg =    4.308  rmsd=  0.383  p= 0.8510
  2  /12  E =    -1140.801 ( 0.083)  Rg =    4.350  rmsd=  1.681  p= 0.0001
  4  / 4  E =    -1150.521 ( 0.093)  Rg =    4.349  rmsd=  0.804  p= 0.0028
  4  / 8  E =    -1134.202 ( 0.089)  Rg =    4.318  rmsd=  0.982  p= 0.0000
  5  / 5  E =    -1168.906 ( 0.055)  Rg =    4.323  rmsd=  0.189  p= 1.0000
  5  / 7  E =    -1168.785 ( 0.062)  Rg =    4.318  rmsd=  0.149  p= 1.0000
  6  / 7  E =    -1165.245 ( 0.068)  Rg =    4.278  rmsd=  0.439  p= 0.3848
  6  / 3  E =    -1166.857 ( 0.089)  Rg =    4.321  rmsd=  0.353  p= 0.6586
 11  / 4  E =    -1168.168 ( 0.090)  Rg =    4.300  rmsd=  0.148  p= 1.0000
 11  /20  E =    -1123.449 ( 0.080)  Rg =    4.168  rmsd=  2.482  p= 0.0000
__________________________________________________
 Top Ten:
       1  E =    -1168.906 /48  Rg =    4.323
       2  E =    -1162.014 /18  Rg =    4.244
       3  E =    -1158.799 / 2  Rg =    4.242
       4  E =    -1157.881 / 3  Rg =    4.351
       5  E =    -1152.854 / 1  Rg =    4.291
       6  E =    -1152.750 / 1  Rg =    4.230
       7  E =    -1152.030 / 2  Rg =    4.365
       8  E =    -1149.061 / 2  Rg =    4.358
       9  E =    -1145.525 / 1  Rg =    4.458
      10  E =    -1144.365 / 1  Rg =    4.232
--------------------------------------------------
 Total Nof confs =    27
________________________
---------------------------------------------------------------------------
    11    E =    -1132.826 ( 0.083)  Rg =    4.205
  3  / 6  E =    -1126.562 ( 0.081)  Rg =    4.150  rmsd=  1.452  p= 0.1239
  3  / 7  E =    -1108.303 ( 0.097)  Rg =    4.416  rmsd=  2.130  p= 0.0003
  4  / 3  E =    -1134.752 ( 0.098)  Rg =    4.216  rmsd=  0.369  p= 1.0000
  4  / 4  E =    -1138.038 ( 0.079)  Rg =    4.255  rmsd=  0.832  p= 1.0000
  5  / 3  E =    -1141.103 ( 0.057)  Rg =    4.280  rmsd=  0.662  p= 1.0000
  5  / 8  E =    -1129.339 ( 0.080)  Rg =    4.164  rmsd=  1.895  p= 0.3127
  7  / 2  E =    -1140.083 ( 0.098)  Rg =    4.272  rmsd=  0.624  p= 1.0000
  7  / 5  E =    -1149.406 ( 0.089)  Rg =    4.204  rmsd=  1.077  p= 1.0000
  9  / 2  E =    -1138.668 ( 0.084)  Rg =    4.271  rmsd=  0.713  p= 1.0000
  9  / 8  E =    -1060.728 ( 0.081)  Rg =    4.339  rmsd=  2.915  p= 0.0000
---------------------------------------------------------------------------
    12    E =    -1149.406 ( 0.089)  Rg =    4.204
  2  / 7  E =    -1148.145 ( 0.079)  Rg =    4.279  rmsd=  1.396  p= 0.6570
  2  / 4  E =    -1153.541 ( 0.093)  Rg =    4.219  rmsd=  0.483  p= 1.0000
  4  / 6  E =    -1147.241 ( 0.085)  Rg =    4.199  rmsd=  0.818  p= 0.4860
  4  / 2  E =    -1151.854 ( 0.080)  Rg =    4.204  rmsd=  0.206  p= 1.0000
  6  / 7  E =    -1147.080 ( 0.086)  Rg =    4.205  rmsd=  0.781  p= 0.4606
  6  / 4  E =    -1148.918 ( 0.091)  Rg =    4.325  rmsd=  1.846  p= 0.8499
 14  / 9  E =    -1147.491 ( 0.078)  Rg =    4.281  rmsd=  1.417  p= 0.5283
 14  / 3  E =    -1162.047 ( 0.099)  Rg =    4.243  rmsd=  0.656  p= 1.0000
 15  / 7  E =    -1143.532 ( 0.091)  Rg =    4.309  rmsd=  1.325  p= 0.1412
 15  / 3  E =    -1145.821 ( 0.097)  Rg =    4.175  rmsd=  0.600  p= 0.3028
---------------------------------------------------------------------------
    13    E =    -1162.047 ( 0.099)  Rg =    4.243
  1  / 5  E =    -1145.529 ( 0.097)  Rg =    4.257  rmsd=  0.796  p= 0.0041
  1  / 3  E =    -1162.876 ( 0.080)  Rg =    4.241  rmsd=  0.235  p= 1.0000
  6  / 2  E =    -1163.016 ( 0.087)  Rg =    4.223  rmsd=  0.329  p= 1.0000
  6  / 5  E =    -1154.418 ( 0.069)  Rg =    4.297  rmsd=  0.949  p= 0.0786
  9  / 2  E =    -1161.961 ( 0.094)  Rg =    4.236  rmsd=  0.378  p= 0.9716
  9  / 7  E =    -1142.283 ( 0.052)  Rg =    4.275  rmsd=  0.973  p= 0.0014
 11  / 6  E =    -1161.251 ( 0.077)  Rg =    4.237  rmsd=  0.347  p= 0.7668
 11  /20  E =    -1166.460 ( 0.090)  Rg =    4.219  rmsd=  0.355  p= 1.0000
 15  / 6  E =    -1136.398 ( 0.095)  Rg =    4.369  rmsd=  1.447  p= 0.0002
 15  / 4  E =    -1156.991 ( 0.073)  Rg =    4.164  rmsd=  0.959  p= 0.1854
---------------------------------------------------------------------------
    14    E =    -1166.460 ( 0.090)  Rg =    4.219
 10  / 8  E =    -1166.532 ( 0.062)  Rg =    4.229  rmsd=  0.119  p= 1.0000
 10  /20  E =    -1162.347 ( 0.093)  Rg =    4.230  rmsd=  0.497  p= 0.2538
 12  / 5  E =    -1163.348 ( 0.049)  Rg =    4.216  rmsd=  0.457  p= 0.3544
 12  / 3  E =    -1167.480 ( 0.080)  Rg =    4.231  rmsd=  0.210  p= 1.0000
 13  /12  E =    -1167.949 ( 0.061)  Rg =    4.229  rmsd=  0.250  p= 1.0000
 13  / 3  E =    -1163.082 ( 0.081)  Rg =    4.244  rmsd=  0.511  p= 0.3243
 14  / 5  E =    -1161.275 ( 0.068)  Rg =    4.231  rmsd=  0.608  p= 0.1776
 14  /10  E =    -1160.101 ( 0.093)  Rg =    4.224  rmsd=  0.872  p= 0.1201
 15  / 4  E =    -1157.864 ( 0.059)  Rg =    4.317  rmsd=  1.114  p= 0.0570
 15  / 5  E =    -1159.898 ( 0.100)  Rg =    4.139  rmsd=  1.045  p= 0.1122
---------------------------------------------------------------------------
    15    E =    -1167.949 ( 0.061)  Rg =    4.229
  3  / 8  E =    -1167.598 ( 0.058)  Rg =    4.223  rmsd=  0.137  p= 0.8896
  3  / 4  E =    -1158.659 ( 0.100)  Rg =    4.275  rmsd=  0.844  p= 0.0452
  7  / 5  E =    -1167.269 ( 0.093)  Rg =    4.217  rmsd=  0.254  p= 0.7973
  7  / 2  E =    -1164.998 ( 0.087)  Rg =    4.233  rmsd=  0.282  p= 0.3740
 13  / 5  E =    -1168.037 ( 0.050)  Rg =    4.226  rmsd=  0.032  p= 1.0000
 13  / 5  E =    -1161.690 ( 0.098)  Rg =    4.253  rmsd=  0.576  p= 0.1242
 14  / 4  E =    -1160.978 ( 0.050)  Rg =    4.255  rmsd=  0.491  p= 0.0979
 14  / 2  E =    -1167.926 ( 0.069)  Rg =    4.228  rmsd=  0.065  p= 0.9923
 15  / 3  E =    -1161.167 ( 0.086)  Rg =    4.314  rmsd=  0.932  p= 0.1043
 15  / 3  E =    -1166.701 ( 0.059)  Rg =    4.225  rmsd=  0.217  p= 0.6597
---------------------------------------------------------------------------
    16    E =    -1168.037 ( 0.050)  Rg =    4.226
 10  / 3  E =    -1167.670 ( 0.095)  Rg =    4.234  rmsd=  0.090  p= 0.8849
 10  / 4  E =    -1165.437 ( 0.089)  Rg =    4.239  rmsd=  0.302  p= 0.4203
 12  / 2  E =    -1167.462 ( 0.097)  Rg =    4.221  rmsd=  0.128  p= 0.8256
 12  /13  E =    -1151.259 ( 0.057)  Rg =    4.274  rmsd=  0.951  p= 0.0037
 13  /14  E =    -1095.252 ( 0.068)  Rg =    4.321  rmsd=  2.511  p= 0.0000
 13  / 2  E =    -1163.391 ( 0.070)  Rg =    4.244  rmsd=  0.462  p= 0.2126
 14  / 6  E =    -1161.433 ( 0.076)  Rg =    4.232  rmsd=  0.606  p= 0.1107
 14  / 2  E =    -1167.997 ( 0.063)  Rg =    4.228  rmsd=  0.051  p= 0.9868
 15  /20  E =    -1150.526 ( 0.081)  Rg =    4.284  rmsd=  1.268  p= 0.0029
 15  / 5  E =    -1157.181 ( 0.088)  Rg =    4.196  rmsd=  0.706  p= 0.0268
---------------------------------------------------------------------------
    17    E =    -1167.997 ( 0.063)  Rg =    4.228
  3  / 5  E =    -1149.532 ( 0.074)  Rg =    4.259  rmsd=  1.608  p= 0.0021
  3  /14  E =    -1150.450 ( 0.096)  Rg =    4.262  rmsd=  1.227  p= 0.0029
 11  /12  E =    -1156.938 ( 0.069)  Rg =    4.244  rmsd=  0.659  p= 0.0251
 11  / 7  E =    -1167.246 ( 0.047)  Rg =    4.217  rmsd=  0.200  p= 0.7785
 13  / 9  E =    -1147.380 ( 0.067)  Rg =    4.227  rmsd=  0.427  p= 0.0010
 13  / 8  E =    -1156.538 ( 0.094)  Rg =    4.249  rmsd=  0.733  p= 0.0219
 14  / 3  E =    -1161.545 ( 0.073)  Rg =    4.231  rmsd=  0.591  p= 0.1164
 14  / 2  E =    -1167.822 ( 0.090)  Rg =    4.228  rmsd=  0.047  p= 0.9432
 15  / 6  E =    -1137.324 ( 0.094)  Rg =    4.340  rmsd=  1.433  p= 0.0000
 15  / 8  E =    -1146.247 ( 0.092)  Rg =    4.157  rmsd=  1.401  p= 0.0007
---------------------------------------------------------------------------
    18    E =    -1167.822 ( 0.090)  Rg =    4.228
  6  / 5  E =    -1128.235 ( 0.092)  Rg =    4.199  rmsd=  2.230  p= 0.0000
  6  / 8  E =    -1151.786 ( 0.081)  Rg =    4.345  rmsd=  1.739  p= 0.0048
  7  / 4  E =    -1166.901 ( 0.090)  Rg =    4.206  rmsd=  0.245  p= 0.7357
  7  / 2  E =    -1163.086 ( 0.073)  Rg =    4.246  rmsd=  0.461  p= 0.2063
 11  / 2  E =    -1167.099 ( 0.039)  Rg =    4.230  rmsd=  0.161  p= 0.7860
 11  / 6  E =    -1166.816 ( 0.069)  Rg =    4.218  rmsd=  0.211  p= 0.7151
 12  / 4  E =    -1165.479 ( 0.081)  Rg =    4.212  rmsd=  0.312  p= 0.4580
 12  / 5  E =    -1167.795 ( 0.096)  Rg =    4.231  rmsd=  0.058  p= 0.9912
 14  / 6  E =    -1161.299 ( 0.088)  Rg =    4.225  rmsd=  0.635  p= 0.1137
 14  / 6  E =    -1167.397 ( 0.096)  Rg =    4.221  rmsd=  0.433  p= 0.8681
---------------------------------------------------------------------------
    19    E =    -1167.795 ( 0.096)  Rg =    4.231
  1  / 7  E =    -1152.649 ( 0.088)  Rg =    4.243  rmsd=  1.254  p= 0.0064
  1  / 3  E =    -1167.739 ( 0.051)  Rg =    4.224  rmsd=  0.081  p= 0.9816
  3  / 8  E =    -1136.439 ( 0.056)  Rg =    4.129  rmsd=  2.433  p= 0.0000
  3  / 7  E =    -1124.972 ( 0.069)  Rg =    4.377  rmsd=  1.933  p= 0.0000
  5  / 3  E =    -1167.853 ( 0.088)  Rg =    4.239  rmsd=  0.140  p= 1.0000
  5  /11  E =    -1139.962 ( 0.083)  Rg =    4.170  rmsd=  2.305  p= 0.0001
  6  / 4  E =    -1126.661 ( 0.064)  Rg =    4.194  rmsd=  2.122  p= 0.0000
  6  / 8  E =    -1136.320 ( 0.095)  Rg =    4.415  rmsd=  2.623  p= 0.0000
 12  / 2  E =    -1165.514 ( 0.093)  Rg =    4.213  rmsd=  0.311  p= 0.4675
 12  / 6  E =    -1159.816 ( 0.093)  Rg =    4.248  rmsd=  0.459  p= 0.0700
---------------------------------------------------------------------------
    20    E =    -1167.853 ( 0.088)  Rg =    4.239
  1  / 4  E =    -1154.435 ( 0.075)  Rg =    4.247  rmsd=  1.264  p= 0.0114
  1  / 4  E =    -1161.925 ( 0.069)  Rg =    4.237  rmsd=  0.425  p= 0.1386
  4  / 8  E =    -1152.071 ( 0.089)  Rg =    4.197  rmsd=  1.244  p= 0.0052
  4  / 3  E =    -1159.780 ( 0.070)  Rg =    4.253  rmsd=  0.474  p= 0.0678
  5  / 4  E =    -1166.233 ( 0.099)  Rg =    4.265  rmsd=  0.238  p= 0.5827
  5  / 6  E =    -1145.559 ( 0.048)  Rg =    4.136  rmsd=  1.597  p= 0.0006
  8  / 5  E =    -1151.784 ( 0.056)  Rg =    4.280  rmsd=  1.138  p= 0.0047
  8  / 3  E =    -1161.994 ( 0.083)  Rg =    4.257  rmsd=  0.380  p= 0.1418
 15  / 4  E =    -1154.571 ( 0.068)  Rg =    4.311  rmsd=  1.277  p= 0.0119
 15  /12  E =    -1142.114 ( 0.098)  Rg =    4.174  rmsd=  1.531  p= 0.0002
__________________________________________________
 Top Ten:
       1  E =    -1168.906 /51  Rg =    4.323
       2  E =    -1168.037 /58  Rg =    4.226
       3  E =    -1162.014 /18  Rg =    4.244
       4  E =    -1159.898 / 2  Rg =    4.139
       5  E =    -1158.799 / 2  Rg =    4.242
       6  E =    -1157.881 / 3  Rg =    4.351
       7  E =    -1157.864 / 5  Rg =    4.317
       8  E =    -1154.435 / 2  Rg =    4.247
       9  E =    -1154.418 / 4  Rg =    4.297
      10  E =    -1152.854 / 1  Rg =    4.291
--------------------------------------------------
 Total Nof confs =    48
________________________
__________________________________________________
 Full list:
       1  E =    -1168.906 /51  Rg =    4.323
       2  E =    -1168.037 /58  Rg =    4.226
       3  E =    -1162.014 /18  Rg =    4.244
       4  E =    -1159.898 / 2  Rg =    4.139
       5  E =    -1158.799 / 2  Rg =    4.242
       6  E =    -1157.881 / 3  Rg =    4.351
       7  E =    -1157.864 / 5  Rg =    4.317
       8  E =    -1154.435 / 2  Rg =    4.247
       9  E =    -1154.418 / 4  Rg =    4.297
      10  E =    -1152.854 / 1  Rg =    4.291
      11  E =    -1152.750 / 1  Rg =    4.230
      12  E =    -1152.071 / 2  Rg =    4.197
      13  E =    -1152.030 / 2  Rg =    4.365
      14  E =    -1149.532 / 1  Rg =    4.259
      15  E =    -1149.061 / 2  Rg =    4.358
      16  E =    -1148.918 / 1  Rg =    4.325
      17  E =    -1148.145 / 1  Rg =    4.279
      18  E =    -1147.491 / 1  Rg =    4.281
      19  E =    -1147.080 / 1  Rg =    4.205
      20  E =    -1145.559 / 1  Rg =    4.136
      21  E =    -1145.525 / 1  Rg =    4.458
      22  E =    -1144.365 / 1  Rg =    4.232
      23  E =    -1143.899 / 1  Rg =    4.297
      24  E =    -1142.114 / 1  Rg =    4.174
      25  E =    -1141.579 / 1  Rg =    4.352
      26  E =    -1141.103 / 6  Rg =    4.280
      27  E =    -1140.801 / 1  Rg =    4.350
      28  E =    -1139.962 / 1  Rg =    4.170
      29  E =    -1139.667 / 1  Rg =    4.279
      30  E =    -1138.463 / 1  Rg =    4.268
      31  E =    -1137.654 / 1  Rg =    4.309
      32  E =    -1137.562 / 1  Rg =    4.265
      33  E =    -1137.324 / 1  Rg =    4.340
      34  E =    -1136.439 / 1  Rg =    4.129
      35  E =    -1136.320 / 1  Rg =    4.415
      36  E =    -1134.202 / 1  Rg =    4.318
      37  E =    -1130.549 / 1  Rg =    4.214
      38  E =    -1129.790 / 1  Rg =    4.088
      39  E =    -1129.688 / 1  Rg =    4.336
      40  E =    -1129.339 / 1  Rg =    4.164
      41  E =    -1128.235 / 2  Rg =    4.199
      42  E =    -1127.179 / 1  Rg =    4.220
      43  E =    -1126.562 / 1  Rg =    4.150
      44  E =    -1125.313 / 1  Rg =    4.522
      45  E =    -1124.972 / 1  Rg =    4.377
      46  E =    -1124.241 / 1  Rg =    4.243
      47  E =    -1123.449 / 1  Rg =    4.168
      48  E =    -1120.990 / 1  Rg =    4.492
--------------------------------------------------
 Total Nof confs =    48
________________________

 Glob. min. E         =    -1168.906 kcal/mol
 Time in LMOD         =      209.754 CPU sec
 Time in NAB and libs =    30200.029 CPU sec
